-- Found ament_cmake: 1.3.5 (/opt/ros/humble/share/ament_cmake/cmake)
-- Found rosidl_default_generators: 1.2.0 (/opt/ros/humble/share/rosidl_default_generators/cmake)
-- Using all available rosidl_typesupport_c: rosidl_typesupport_fastrtps_c;rosidl_typesupport_introspection_c
-- Found rosidl_adapter: 3.1.4 (/opt/ros/humble/share/rosidl_adapter/cmake)
-- Using all available rosidl_typesupport_cpp: rosidl_typesupport_fastrtps_cpp;rosidl_typesupport_introspection_cpp
-- Found ament_cmake_ros: 0.10.0 (/opt/ros/humble/share/ament_cmake_ros/cmake)
-- Using all available rosidl_typesupport_c: rosidl_typesupport_fastrtps_c;rosidl_typesupport_introspection_c
-- Using all available rosidl_typesupport_cpp: rosidl_typesupport_fastrtps_cpp;rosidl_typesupport_introspection_cpp
-- Found PythonInterp: /usr/bin/python3 (found suitable version "3.10.6", minimum required is "3.6") 
-- Found python_cmake_module: 0.10.0 (/opt/ros/humble/share/python_cmake_module/cmake)
-- Found PythonLibs: /usr/lib/aarch64-linux-gnu/libpython3.10.so (found suitable version "3.10.6", minimum required is "3.5") 
-- Using PYTHON_EXECUTABLE: /usr/bin/python3
-- Using PYTHON_INCLUDE_DIRS: /usr/include/python3.10
-- Using PYTHON_LIBRARIES: /usr/lib/aarch64-linux-gnu/libpython3.10.so
-- Found PythonExtra: .so  
-- Found ament_lint_auto: 0.12.6 (/opt/ros/humble/share/ament_lint_auto/cmake)
-- Added test 'lint_cmake' to check CMake code style
-- Added test 'xmllint' to check XML markup files
-- Configuring done
-- Generating done
-- Build files have been written to: /home/ariisakitty/wingbot-app/build/bridge_interface
[  2%] [34m[1mGenerating C code for ROS interfaces[0m
[  5%] [34m[1mGenerating C++ code for ROS interfaces[0m
[  5%] Built target ament_cmake_python_copy_bridge_interface
running egg_info
creating bridge_interface.egg-info
writing bridge_interface.egg-info/PKG-INFO
writing dependency_links to bridge_interface.egg-info/dependency_links.txt
writing top-level names to bridge_interface.egg-info/top_level.txt
writing manifest file 'bridge_interface.egg-info/SOURCES.txt'
reading manifest file 'bridge_interface.egg-info/SOURCES.txt'
writing manifest file 'bridge_interface.egg-info/SOURCES.txt'
[  5%] Built target ament_cmake_python_build_bridge_interface_egg
[  7%] [32mBuilding C object CMakeFiles/bridge_interface__rosidl_generator_c.dir/rosidl_generator_c/bridge_interface/msg/detail/robot2_server__functions.c.o[0m
[ 10%] [32mBuilding C object CMakeFiles/bridge_interface__rosidl_generator_c.dir/rosidl_generator_c/bridge_interface/msg/detail/server2_robot__functions.c.o[0m
[ 10%] Built target bridge_interface__cpp
[ 12%] [34m[1mGenerating C++ type support dispatch for ROS interfaces[0m
[ 15%] [34m[1mGenerating C++ type support for eProsima Fast-RTPS[0m
[ 17%] [32m[1mLinking C shared library libbridge_interface__rosidl_generator_c.so[0m
[ 20%] [34m[1mGenerating C++ introspection for ROS interfaces[0m
[ 20%] Built target bridge_interface__rosidl_generator_c
[ 23%] [34m[1mGenerating C type support for eProsima Fast-RTPS[0m
[ 25%] [32mBuilding CXX object CMakeFiles/bridge_interface__rosidl_typesupport_cpp.dir/rosidl_typesupport_cpp/bridge_interface/msg/robot2_server__type_support.cpp.o[0m
[ 28%] [32mBuilding CXX object CMakeFiles/bridge_interface__rosidl_typesupport_fastrtps_cpp.dir/rosidl_typesupport_fastrtps_cpp/bridge_interface/msg/detail/dds_fastrtps/robot2_server__type_support.cpp.o[0m
[ 30%] [32mBuilding CXX object CMakeFiles/bridge_interface__rosidl_typesupport_introspection_cpp.dir/rosidl_typesupport_introspection_cpp/bridge_interface/msg/detail/robot2_server__type_support.cpp.o[0m
[ 33%] [32mBuilding CXX object CMakeFiles/bridge_interface__rosidl_typesupport_fastrtps_c.dir/rosidl_typesupport_fastrtps_c/bridge_interface/msg/detail/robot2_server__type_support_c.cpp.o[0m
[ 35%] [32mBuilding CXX object CMakeFiles/bridge_interface__rosidl_typesupport_cpp.dir/rosidl_typesupport_cpp/bridge_interface/msg/server2_robot__type_support.cpp.o[0m
[ 38%] [32mBuilding CXX object CMakeFiles/bridge_interface__rosidl_typesupport_fastrtps_cpp.dir/rosidl_typesupport_fastrtps_cpp/bridge_interface/msg/detail/dds_fastrtps/server2_robot__type_support.cpp.o[0m
[ 41%] [32mBuilding CXX object CMakeFiles/bridge_interface__rosidl_typesupport_fastrtps_c.dir/rosidl_typesupport_fastrtps_c/bridge_interface/msg/detail/server2_robot__type_support_c.cpp.o[0m
[ 43%] [32m[1mLinking CXX shared library libbridge_interface__rosidl_typesupport_cpp.so[0m
[ 46%] [32mBuilding CXX object CMakeFiles/bridge_interface__rosidl_typesupport_introspection_cpp.dir/rosidl_typesupport_introspection_cpp/bridge_interface/msg/detail/server2_robot__type_support.cpp.o[0m
[ 46%] Built target bridge_interface__rosidl_typesupport_cpp
[ 48%] [34m[1mGenerating C introspection for ROS interfaces[0m
[ 51%] [32m[1mLinking CXX shared library libbridge_interface__rosidl_typesupport_fastrtps_c.so[0m
[ 53%] [32m[1mLinking CXX shared library libbridge_interface__rosidl_typesupport_fastrtps_cpp.so[0m
[ 53%] Built target bridge_interface__rosidl_typesupport_fastrtps_c
[ 56%] [32m[1mLinking CXX shared library libbridge_interface__rosidl_typesupport_introspection_cpp.so[0m
[ 58%] [34m[1mGenerating C type support dispatch for ROS interfaces[0m
[ 61%] [32mBuilding C object CMakeFiles/bridge_interface__rosidl_typesupport_introspection_c.dir/rosidl_typesupport_introspection_c/bridge_interface/msg/detail/robot2_server__type_support.c.o[0m
[ 61%] Built target bridge_interface__rosidl_typesupport_fastrtps_cpp
[ 61%] Built target bridge_interface__rosidl_typesupport_introspection_cpp
[ 64%] [32mBuilding C object CMakeFiles/bridge_interface__rosidl_typesupport_introspection_c.dir/rosidl_typesupport_introspection_c/bridge_interface/msg/detail/server2_robot__type_support.c.o[0m
[ 66%] [32m[1mLinking C shared library libbridge_interface__rosidl_typesupport_introspection_c.so[0m
[ 66%] Built target bridge_interface__rosidl_typesupport_introspection_c
[ 71%] [32mBuilding CXX object CMakeFiles/bridge_interface__rosidl_typesupport_c.dir/rosidl_typesupport_c/bridge_interface/msg/server2_robot__type_support.cpp.o[0m
[ 71%] [32mBuilding CXX object CMakeFiles/bridge_interface__rosidl_typesupport_c.dir/rosidl_typesupport_c/bridge_interface/msg/robot2_server__type_support.cpp.o[0m
[ 74%] [32m[1mLinking CXX shared library libbridge_interface__rosidl_typesupport_c.so[0m
[ 74%] Built target bridge_interface__rosidl_typesupport_c
[ 74%] Built target bridge_interface
[ 76%] [34m[1mGenerating Python code for ROS interfaces[0m
[ 76%] Built target bridge_interface__py
[ 79%] [32mBuilding C object CMakeFiles/bridge_interface__rosidl_generator_py.dir/rosidl_generator_py/bridge_interface/msg/_robot2_server_s.c.o[0m
[ 82%] [32mBuilding C object CMakeFiles/bridge_interface__rosidl_generator_py.dir/rosidl_generator_py/bridge_interface/msg/_server2_robot_s.c.o[0m
[ 84%] [32m[1mLinking C shared library rosidl_generator_py/bridge_interface/libbridge_interface__rosidl_generator_py.so[0m
[ 84%] Built target bridge_interface__rosidl_generator_py
[ 92%] [32mBuilding C object CMakeFiles/bridge_interface__rosidl_typesupport_fastrtps_c__pyext.dir/rosidl_generator_py/bridge_interface/_bridge_interface_s.ep.rosidl_typesupport_fastrtps_c.c.o[0m
[ 92%] [32mBuilding C object CMakeFiles/bridge_interface__rosidl_typesupport_introspection_c__pyext.dir/rosidl_generator_py/bridge_interface/_bridge_interface_s.ep.rosidl_typesupport_introspection_c.c.o[0m
[ 92%] [32mBuilding C object CMakeFiles/bridge_interface__rosidl_typesupport_c__pyext.dir/rosidl_generator_py/bridge_interface/_bridge_interface_s.ep.rosidl_typesupport_c.c.o[0m
[ 94%] [32m[1mLinking C shared library rosidl_generator_py/bridge_interface/bridge_interface_s__rosidl_typesupport_fastrtps_c.cpython-310-aarch64-linux-gnu.so[0m
[ 97%] [32m[1mLinking C shared library rosidl_generator_py/bridge_interface/bridge_interface_s__rosidl_typesupport_introspection_c.cpython-310-aarch64-linux-gnu.so[0m
[100%] [32m[1mLinking C shared library rosidl_generator_py/bridge_interface/bridge_interface_s__rosidl_typesupport_c.cpython-310-aarch64-linux-gnu.so[0m
[100%] Built target bridge_interface__rosidl_typesupport_introspection_c__pyext
[100%] Built target bridge_interface__rosidl_typesupport_fastrtps_c__pyext
[100%] Built target bridge_interface__rosidl_typesupport_c__pyext
-- Install configuration: ""
-- Installing: /home/ariisakitty/wingbot-app/install/bridge_interface/share/ament_index/resource_index/rosidl_interfaces/bridge_interface
-- Installing: /home/ariisakitty/wingbot-app/install/bridge_interface/include/bridge_interface/bridge_interface
-- Installing: /home/ariisakitty/wingbot-app/install/bridge_interface/include/bridge_interface/bridge_interface/msg
-- Installing: /home/ariisakitty/wingbot-app/install/bridge_interface/include/bridge_interface/bridge_interface/msg/server2_robot.h
-- Installing: /home/ariisakitty/wingbot-app/install/bridge_interface/include/bridge_interface/bridge_interface/msg/detail
-- Installing: /home/ariisakitty/wingbot-app/install/bridge_interface/include/bridge_interface/bridge_interface/msg/detail/server2_robot__struct.h
-- Installing: /home/ariisakitty/wingbot-app/install/bridge_interface/include/bridge_interface/bridge_interface/msg/detail/robot2_server__struct.h
-- Installing: /home/ariisakitty/wingbot-app/install/bridge_interface/include/bridge_interface/bridge_interface/msg/detail/server2_robot__functions.c
-- Installing: /home/ariisakitty/wingbot-app/install/bridge_interface/include/bridge_interface/bridge_interface/msg/detail/robot2_server__type_support.h
-- Installing: /home/ariisakitty/wingbot-app/install/bridge_interface/include/bridge_interface/bridge_interface/msg/detail/robot2_server__functions.c
-- Installing: /home/ariisakitty/wingbot-app/install/bridge_interface/include/bridge_interface/bridge_interface/msg/detail/server2_robot__functions.h
-- Installing: /home/ariisakitty/wingbot-app/install/bridge_interface/include/bridge_interface/bridge_interface/msg/detail/robot2_server__functions.h
-- Installing: /home/ariisakitty/wingbot-app/install/bridge_interface/include/bridge_interface/bridge_interface/msg/detail/server2_robot__type_support.h
-- Installing: /home/ariisakitty/wingbot-app/install/bridge_interface/include/bridge_interface/bridge_interface/msg/rosidl_generator_c__visibility_control.h
-- Installing: /home/ariisakitty/wingbot-app/install/bridge_interface/include/bridge_interface/bridge_interface/msg/robot2_server.h
-- Installing: /home/ariisakitty/wingbot-app/install/bridge_interface/share/bridge_interface/environment/library_path.sh
-- Installing: /home/ariisakitty/wingbot-app/install/bridge_interface/share/bridge_interface/environment/library_path.dsv
-- Installing: /home/ariisakitty/wingbot-app/install/bridge_interface/lib/libbridge_interface__rosidl_generator_c.so
-- Set runtime path of "/home/ariisakitty/wingbot-app/install/bridge_interface/lib/libbridge_interface__rosidl_generator_c.so" to ""
-- Up-to-date: /home/ariisakitty/wingbot-app/install/bridge_interface/include/bridge_interface/bridge_interface
-- Up-to-date: /home/ariisakitty/wingbot-app/install/bridge_interface/include/bridge_interface/bridge_interface/msg
-- Up-to-date: /home/ariisakitty/wingbot-app/install/bridge_interface/include/bridge_interface/bridge_interface/msg/detail
-- Installing: /home/ariisakitty/wingbot-app/install/bridge_interface/include/bridge_interface/bridge_interface/msg/detail/robot2_server__rosidl_typesupport_fastrtps_c.h
-- Installing: /home/ariisakitty/wingbot-app/install/bridge_interface/include/bridge_interface/bridge_interface/msg/detail/server2_robot__rosidl_typesupport_fastrtps_c.h
-- Installing: /home/ariisakitty/wingbot-app/install/bridge_interface/include/bridge_interface/bridge_interface/msg/rosidl_typesupport_fastrtps_c__visibility_control.h
-- Installing: /home/ariisakitty/wingbot-app/install/bridge_interface/lib/libbridge_interface__rosidl_typesupport_fastrtps_c.so
-- Set runtime path of "/home/ariisakitty/wingbot-app/install/bridge_interface/lib/libbridge_interface__rosidl_typesupport_fastrtps_c.so" to ""
-- Up-to-date: /home/ariisakitty/wingbot-app/install/bridge_interface/include/bridge_interface/bridge_interface
-- Up-to-date: /home/ariisakitty/wingbot-app/install/bridge_interface/include/bridge_interface/bridge_interface/msg
-- Installing: /home/ariisakitty/wingbot-app/install/bridge_interface/include/bridge_interface/bridge_interface/msg/rosidl_typesupport_introspection_c__visibility_control.h
-- Up-to-date: /home/ariisakitty/wingbot-app/install/bridge_interface/include/bridge_interface/bridge_interface/msg/detail
-- Installing: /home/ariisakitty/wingbot-app/install/bridge_interface/include/bridge_interface/bridge_interface/msg/detail/robot2_server__type_support.c
-- Installing: /home/ariisakitty/wingbot-app/install/bridge_interface/include/bridge_interface/bridge_interface/msg/detail/server2_robot__rosidl_typesupport_introspection_c.h
-- Installing: /home/ariisakitty/wingbot-app/install/bridge_interface/include/bridge_interface/bridge_interface/msg/detail/server2_robot__type_support.c
-- Installing: /home/ariisakitty/wingbot-app/install/bridge_interface/include/bridge_interface/bridge_interface/msg/detail/robot2_server__rosidl_typesupport_introspection_c.h
-- Installing: /home/ariisakitty/wingbot-app/install/bridge_interface/lib/libbridge_interface__rosidl_typesupport_introspection_c.so
-- Set runtime path of "/home/ariisakitty/wingbot-app/install/bridge_interface/lib/libbridge_interface__rosidl_typesupport_introspection_c.so" to ""
-- Installing: /home/ariisakitty/wingbot-app/install/bridge_interface/lib/libbridge_interface__rosidl_typesupport_c.so
-- Set runtime path of "/home/ariisakitty/wingbot-app/install/bridge_interface/lib/libbridge_interface__rosidl_typesupport_c.so" to ""
-- Up-to-date: /home/ariisakitty/wingbot-app/install/bridge_interface/include/bridge_interface/bridge_interface
-- Up-to-date: /home/ariisakitty/wingbot-app/install/bridge_interface/include/bridge_interface/bridge_interface/msg
-- Installing: /home/ariisakitty/wingbot-app/install/bridge_interface/include/bridge_interface/bridge_interface/msg/server2_robot.hpp
-- Up-to-date: /home/ariisakitty/wingbot-app/install/bridge_interface/include/bridge_interface/bridge_interface/msg/detail
-- Installing: /home/ariisakitty/wingbot-app/install/bridge_interface/include/bridge_interface/bridge_interface/msg/detail/server2_robot__traits.hpp
-- Installing: /home/ariisakitty/wingbot-app/install/bridge_interface/include/bridge_interface/bridge_interface/msg/detail/server2_robot__struct.hpp
-- Installing: /home/ariisakitty/wingbot-app/install/bridge_interface/include/bridge_interface/bridge_interface/msg/detail/robot2_server__builder.hpp
-- Installing: /home/ariisakitty/wingbot-app/install/bridge_interface/include/bridge_interface/bridge_interface/msg/detail/robot2_server__struct.hpp
-- Installing: /home/ariisakitty/wingbot-app/install/bridge_interface/include/bridge_interface/bridge_interface/msg/detail/server2_robot__builder.hpp
-- Installing: /home/ariisakitty/wingbot-app/install/bridge_interface/include/bridge_interface/bridge_interface/msg/detail/robot2_server__traits.hpp
-- Installing: /home/ariisakitty/wingbot-app/install/bridge_interface/include/bridge_interface/bridge_interface/msg/robot2_server.hpp
-- Up-to-date: /home/ariisakitty/wingbot-app/install/bridge_interface/include/bridge_interface/bridge_interface
-- Up-to-date: /home/ariisakitty/wingbot-app/install/bridge_interface/include/bridge_interface/bridge_interface/msg
-- Installing: /home/ariisakitty/wingbot-app/install/bridge_interface/include/bridge_interface/bridge_interface/msg/rosidl_typesupport_fastrtps_cpp__visibility_control.h
-- Up-to-date: /home/ariisakitty/wingbot-app/install/bridge_interface/include/bridge_interface/bridge_interface/msg/detail
-- Installing: /home/ariisakitty/wingbot-app/install/bridge_interface/include/bridge_interface/bridge_interface/msg/detail/server2_robot__rosidl_typesupport_fastrtps_cpp.hpp
-- Installing: /home/ariisakitty/wingbot-app/install/bridge_interface/include/bridge_interface/bridge_interface/msg/detail/robot2_server__rosidl_typesupport_fastrtps_cpp.hpp
-- Installing: /home/ariisakitty/wingbot-app/install/bridge_interface/include/bridge_interface/bridge_interface/msg/detail/dds_fastrtps
-- Installing: /home/ariisakitty/wingbot-app/install/bridge_interface/lib/libbridge_interface__rosidl_typesupport_fastrtps_cpp.so
-- Set runtime path of "/home/ariisakitty/wingbot-app/install/bridge_interface/lib/libbridge_interface__rosidl_typesupport_fastrtps_cpp.so" to ""
-- Up-to-date: /home/ariisakitty/wingbot-app/install/bridge_interface/include/bridge_interface/bridge_interface
-- Up-to-date: /home/ariisakitty/wingbot-app/install/bridge_interface/include/bridge_interface/bridge_interface/msg
-- Up-to-date: /home/ariisakitty/wingbot-app/install/bridge_interface/include/bridge_interface/bridge_interface/msg/detail
-- Installing: /home/ariisakitty/wingbot-app/install/bridge_interface/include/bridge_interface/bridge_interface/msg/detail/server2_robot__type_support.cpp
-- Installing: /home/ariisakitty/wingbot-app/install/bridge_interface/include/bridge_interface/bridge_interface/msg/detail/robot2_server__type_support.cpp
-- Installing: /home/ariisakitty/wingbot-app/install/bridge_interface/include/bridge_interface/bridge_interface/msg/detail/server2_robot__rosidl_typesupport_introspection_cpp.hpp
-- Installing: /home/ariisakitty/wingbot-app/install/bridge_interface/include/bridge_interface/bridge_interface/msg/detail/robot2_server__rosidl_typesupport_introspection_cpp.hpp
-- Installing: /home/ariisakitty/wingbot-app/install/bridge_interface/lib/libbridge_interface__rosidl_typesupport_introspection_cpp.so
-- Set runtime path of "/home/ariisakitty/wingbot-app/install/bridge_interface/lib/libbridge_interface__rosidl_typesupport_introspection_cpp.so" to ""
-- Installing: /home/ariisakitty/wingbot-app/install/bridge_interface/lib/libbridge_interface__rosidl_typesupport_cpp.so
-- Set runtime path of "/home/ariisakitty/wingbot-app/install/bridge_interface/lib/libbridge_interface__rosidl_typesupport_cpp.so" to ""
-- Installing: /home/ariisakitty/wingbot-app/install/bridge_interface/share/bridge_interface/environment/pythonpath.sh
-- Installing: /home/ariisakitty/wingbot-app/install/bridge_interface/share/bridge_interface/environment/pythonpath.dsv
-- Installing: /home/ariisakitty/wingbot-app/install/bridge_interface/local/lib/python3.10/dist-packages/bridge_interface-0.0.0-py3.10.egg-info
-- Installing: /home/ariisakitty/wingbot-app/install/bridge_interface/local/lib/python3.10/dist-packages/bridge_interface-0.0.0-py3.10.egg-info/SOURCES.txt
-- Installing: /home/ariisakitty/wingbot-app/install/bridge_interface/local/lib/python3.10/dist-packages/bridge_interface-0.0.0-py3.10.egg-info/PKG-INFO
-- Installing: /home/ariisakitty/wingbot-app/install/bridge_interface/local/lib/python3.10/dist-packages/bridge_interface-0.0.0-py3.10.egg-info/dependency_links.txt
-- Installing: /home/ariisakitty/wingbot-app/install/bridge_interface/local/lib/python3.10/dist-packages/bridge_interface-0.0.0-py3.10.egg-info/top_level.txt
-- Installing: /home/ariisakitty/wingbot-app/install/bridge_interface/local/lib/python3.10/dist-packages/bridge_interface
-- Installing: /home/ariisakitty/wingbot-app/install/bridge_interface/local/lib/python3.10/dist-packages/bridge_interface/bridge_interface_s__rosidl_typesupport_introspection_c.cpython-310-aarch64-linux-gnu.so
-- Installing: /home/ariisakitty/wingbot-app/install/bridge_interface/local/lib/python3.10/dist-packages/bridge_interface/bridge_interface_s__rosidl_typesupport_fastrtps_c.cpython-310-aarch64-linux-gnu.so
-- Installing: /home/ariisakitty/wingbot-app/install/bridge_interface/local/lib/python3.10/dist-packages/bridge_interface/libbridge_interface__rosidl_generator_py.so
-- Installing: /home/ariisakitty/wingbot-app/install/bridge_interface/local/lib/python3.10/dist-packages/bridge_interface/__init__.py
-- Installing: /home/ariisakitty/wingbot-app/install/bridge_interface/local/lib/python3.10/dist-packages/bridge_interface/_bridge_interface_s.ep.rosidl_typesupport_introspection_c.c
-- Installing: /home/ariisakitty/wingbot-app/install/bridge_interface/local/lib/python3.10/dist-packages/bridge_interface/_bridge_interface_s.ep.rosidl_typesupport_c.c
-- Installing: /home/ariisakitty/wingbot-app/install/bridge_interface/local/lib/python3.10/dist-packages/bridge_interface/bridge_interface_s__rosidl_typesupport_c.cpython-310-aarch64-linux-gnu.so
-- Installing: /home/ariisakitty/wingbot-app/install/bridge_interface/local/lib/python3.10/dist-packages/bridge_interface/_bridge_interface_s.ep.rosidl_typesupport_fastrtps_c.c
-- Installing: /home/ariisakitty/wingbot-app/install/bridge_interface/local/lib/python3.10/dist-packages/bridge_interface/msg
-- Installing: /home/ariisakitty/wingbot-app/install/bridge_interface/local/lib/python3.10/dist-packages/bridge_interface/msg/_server2_robot_s.c
-- Installing: /home/ariisakitty/wingbot-app/install/bridge_interface/local/lib/python3.10/dist-packages/bridge_interface/msg/__init__.py
-- Installing: /home/ariisakitty/wingbot-app/install/bridge_interface/local/lib/python3.10/dist-packages/bridge_interface/msg/_robot2_server.py
-- Installing: /home/ariisakitty/wingbot-app/install/bridge_interface/local/lib/python3.10/dist-packages/bridge_interface/msg/_server2_robot.py
-- Installing: /home/ariisakitty/wingbot-app/install/bridge_interface/local/lib/python3.10/dist-packages/bridge_interface/msg/_robot2_server_s.c
Listing '/home/ariisakitty/wingbot-app/install/bridge_interface/local/lib/python3.10/dist-packages/bridge_interface'...
Compiling '/home/ariisakitty/wingbot-app/install/bridge_interface/local/lib/python3.10/dist-packages/bridge_interface/__init__.py'...
Listing '/home/ariisakitty/wingbot-app/install/bridge_interface/local/lib/python3.10/dist-packages/bridge_interface/msg'...
Compiling '/home/ariisakitty/wingbot-app/install/bridge_interface/local/lib/python3.10/dist-packages/bridge_interface/msg/__init__.py'...
Compiling '/home/ariisakitty/wingbot-app/install/bridge_interface/local/lib/python3.10/dist-packages/bridge_interface/msg/_robot2_server.py'...
Compiling '/home/ariisakitty/wingbot-app/install/bridge_interface/local/lib/python3.10/dist-packages/bridge_interface/msg/_server2_robot.py'...
-- Installing: /home/ariisakitty/wingbot-app/install/bridge_interface/local/lib/python3.10/dist-packages/bridge_interface/bridge_interface_s__rosidl_typesupport_fastrtps_c.cpython-310-aarch64-linux-gnu.so
-- Set runtime path of "/home/ariisakitty/wingbot-app/install/bridge_interface/local/lib/python3.10/dist-packages/bridge_interface/bridge_interface_s__rosidl_typesupport_fastrtps_c.cpython-310-aarch64-linux-gnu.so" to ""
-- Installing: /home/ariisakitty/wingbot-app/install/bridge_interface/local/lib/python3.10/dist-packages/bridge_interface/bridge_interface_s__rosidl_typesupport_introspection_c.cpython-310-aarch64-linux-gnu.so
-- Set runtime path of "/home/ariisakitty/wingbot-app/install/bridge_interface/local/lib/python3.10/dist-packages/bridge_interface/bridge_interface_s__rosidl_typesupport_introspection_c.cpython-310-aarch64-linux-gnu.so" to ""
-- Installing: /home/ariisakitty/wingbot-app/install/bridge_interface/local/lib/python3.10/dist-packages/bridge_interface/bridge_interface_s__rosidl_typesupport_c.cpython-310-aarch64-linux-gnu.so
-- Set runtime path of "/home/ariisakitty/wingbot-app/install/bridge_interface/local/lib/python3.10/dist-packages/bridge_interface/bridge_interface_s__rosidl_typesupport_c.cpython-310-aarch64-linux-gnu.so" to ""
-- Installing: /home/ariisakitty/wingbot-app/install/bridge_interface/lib/libbridge_interface__rosidl_generator_py.so
-- Set runtime path of "/home/ariisakitty/wingbot-app/install/bridge_interface/lib/libbridge_interface__rosidl_generator_py.so" to ""
-- Installing: /home/ariisakitty/wingbot-app/install/bridge_interface/share/bridge_interface/msg/Robot2Server.idl
-- Installing: /home/ariisakitty/wingbot-app/install/bridge_interface/share/bridge_interface/msg/Server2Robot.idl
-- Installing: /home/ariisakitty/wingbot-app/install/bridge_interface/share/bridge_interface/msg/Robot2Server.msg
-- Installing: /home/ariisakitty/wingbot-app/install/bridge_interface/share/bridge_interface/msg/Server2Robot.msg
-- Installing: /home/ariisakitty/wingbot-app/install/bridge_interface/share/ament_index/resource_index/package_run_dependencies/bridge_interface
-- Installing: /home/ariisakitty/wingbot-app/install/bridge_interface/share/ament_index/resource_index/parent_prefix_path/bridge_interface
-- Installing: /home/ariisakitty/wingbot-app/install/bridge_interface/share/bridge_interface/environment/ament_prefix_path.sh
-- Installing: /home/ariisakitty/wingbot-app/install/bridge_interface/share/bridge_interface/environment/ament_prefix_path.dsv
-- Installing: /home/ariisakitty/wingbot-app/install/bridge_interface/share/bridge_interface/environment/path.sh
-- Installing: /home/ariisakitty/wingbot-app/install/bridge_interface/share/bridge_interface/environment/path.dsv
-- Installing: /home/ariisakitty/wingbot-app/install/bridge_interface/share/bridge_interface/local_setup.bash
-- Installing: /home/ariisakitty/wingbot-app/install/bridge_interface/share/bridge_interface/local_setup.sh
-- Installing: /home/ariisakitty/wingbot-app/install/bridge_interface/share/bridge_interface/local_setup.zsh
-- Installing: /home/ariisakitty/wingbot-app/install/bridge_interface/share/bridge_interface/local_setup.dsv
-- Installing: /home/ariisakitty/wingbot-app/install/bridge_interface/share/bridge_interface/package.dsv
-- Installing: /home/ariisakitty/wingbot-app/install/bridge_interface/share/ament_index/resource_index/packages/bridge_interface
-- Installing: /home/ariisakitty/wingbot-app/install/bridge_interface/share/bridge_interface/cmake/export_bridge_interface__rosidl_generator_cExport.cmake
-- Installing: /home/ariisakitty/wingbot-app/install/bridge_interface/share/bridge_interface/cmake/export_bridge_interface__rosidl_generator_cExport-noconfig.cmake
-- Installing: /home/ariisakitty/wingbot-app/install/bridge_interface/share/bridge_interface/cmake/export_bridge_interface__rosidl_typesupport_fastrtps_cExport.cmake
-- Installing: /home/ariisakitty/wingbot-app/install/bridge_interface/share/bridge_interface/cmake/export_bridge_interface__rosidl_typesupport_fastrtps_cExport-noconfig.cmake
-- Installing: /home/ariisakitty/wingbot-app/install/bridge_interface/share/bridge_interface/cmake/bridge_interface__rosidl_typesupport_introspection_cExport.cmake
-- Installing: /home/ariisakitty/wingbot-app/install/bridge_interface/share/bridge_interface/cmake/bridge_interface__rosidl_typesupport_introspection_cExport-noconfig.cmake
-- Installing: /home/ariisakitty/wingbot-app/install/bridge_interface/share/bridge_interface/cmake/bridge_interface__rosidl_typesupport_cExport.cmake
-- Installing: /home/ariisakitty/wingbot-app/install/bridge_interface/share/bridge_interface/cmake/bridge_interface__rosidl_typesupport_cExport-noconfig.cmake
-- Installing: /home/ariisakitty/wingbot-app/install/bridge_interface/share/bridge_interface/cmake/export_bridge_interface__rosidl_generator_cppExport.cmake
-- Installing: /home/ariisakitty/wingbot-app/install/bridge_interface/share/bridge_interface/cmake/export_bridge_interface__rosidl_typesupport_fastrtps_cppExport.cmake
-- Installing: /home/ariisakitty/wingbot-app/install/bridge_interface/share/bridge_interface/cmake/export_bridge_interface__rosidl_typesupport_fastrtps_cppExport-noconfig.cmake
-- Installing: /home/ariisakitty/wingbot-app/install/bridge_interface/share/bridge_interface/cmake/bridge_interface__rosidl_typesupport_introspection_cppExport.cmake
-- Installing: /home/ariisakitty/wingbot-app/install/bridge_interface/share/bridge_interface/cmake/bridge_interface__rosidl_typesupport_introspection_cppExport-noconfig.cmake
-- Installing: /home/ariisakitty/wingbot-app/install/bridge_interface/share/bridge_interface/cmake/bridge_interface__rosidl_typesupport_cppExport.cmake
-- Installing: /home/ariisakitty/wingbot-app/install/bridge_interface/share/bridge_interface/cmake/bridge_interface__rosidl_typesupport_cppExport-noconfig.cmake
-- Installing: /home/ariisakitty/wingbot-app/install/bridge_interface/share/bridge_interface/cmake/export_bridge_interface__rosidl_generator_pyExport.cmake
-- Installing: /home/ariisakitty/wingbot-app/install/bridge_interface/share/bridge_interface/cmake/export_bridge_interface__rosidl_generator_pyExport-noconfig.cmake
-- Installing: /home/ariisakitty/wingbot-app/install/bridge_interface/share/bridge_interface/cmake/rosidl_cmake-extras.cmake
-- Installing: /home/ariisakitty/wingbot-app/install/bridge_interface/share/bridge_interface/cmake/ament_cmake_export_include_directories-extras.cmake
-- Installing: /home/ariisakitty/wingbot-app/install/bridge_interface/share/bridge_interface/cmake/ament_cmake_export_libraries-extras.cmake
-- Installing: /home/ariisakitty/wingbot-app/install/bridge_interface/share/bridge_interface/cmake/ament_cmake_export_targets-extras.cmake
-- Installing: /home/ariisakitty/wingbot-app/install/bridge_interface/share/bridge_interface/cmake/rosidl_cmake_export_typesupport_targets-extras.cmake
-- Installing: /home/ariisakitty/wingbot-app/install/bridge_interface/share/bridge_interface/cmake/ament_cmake_export_dependencies-extras.cmake
-- Installing: /home/ariisakitty/wingbot-app/install/bridge_interface/share/bridge_interface/cmake/rosidl_cmake_export_typesupport_libraries-extras.cmake
-- Installing: /home/ariisakitty/wingbot-app/install/bridge_interface/share/bridge_interface/cmake/bridge_interfaceConfig.cmake
-- Installing: /home/ariisakitty/wingbot-app/install/bridge_interface/share/bridge_interface/cmake/bridge_interfaceConfig-version.cmake
-- Installing: /home/ariisakitty/wingbot-app/install/bridge_interface/share/bridge_interface/package.xml
