[0.018s] Invoking command in '/home/ariisakitty/wingbot-app/build/bridge_interface': CMAKE_PREFIX_PATH=/home/ariisakitty/wingbot-app/install/ros2_bridge:/opt/ros/humble /usr/bin/cmake /home/ariisakitty/wingbot-app/src/bridge_interface -DCMAKE_INSTALL_PREFIX=/home/ariisakitty/wingbot-app/install/bridge_interface
[0.032s] -- Found ament_cmake: 1.3.5 (/opt/ros/humble/share/ament_cmake/cmake)
[0.133s] -- Found rosidl_default_generators: 1.2.0 (/opt/ros/humble/share/rosidl_default_generators/cmake)
[0.134s] -- Using all available rosidl_typesupport_c: rosidl_typesupport_fastrtps_c;rosidl_typesupport_introspection_c
[0.136s] -- Found rosidl_adapter: 3.1.4 (/opt/ros/humble/share/rosidl_adapter/cmake)
[0.160s] -- Using all available rosidl_typesupport_cpp: rosidl_typesupport_fastrtps_cpp;rosidl_typesupport_introspection_cpp
[0.340s] -- Found ament_cmake_ros: 0.10.0 (/opt/ros/humble/share/ament_cmake_ros/cmake)
[0.468s] -- Using all available rosidl_typesupport_c: rosidl_typesupport_fastrtps_c;rosidl_typesupport_introspection_c
[0.633s] -- Using all available rosidl_typesupport_cpp: rosidl_typesupport_fastrtps_cpp;rosidl_typesupport_introspection_cpp
[0.649s] -- Found PythonInterp: /usr/bin/python3 (found suitable version "3.10.6", minimum required is "3.6") 
[0.651s] -- Found python_cmake_module: 0.10.0 (/opt/ros/humble/share/python_cmake_module/cmake)
[0.673s] -- Found PythonLibs: /usr/lib/aarch64-linux-gnu/libpython3.10.so (found suitable version "3.10.6", minimum required is "3.5") 
[0.673s] -- Using PYTHON_EXECUTABLE: /usr/bin/python3
[0.673s] -- Using PYTHON_INCLUDE_DIRS: /usr/include/python3.10
[0.673s] -- Using PYTHON_LIBRARIES: /usr/lib/aarch64-linux-gnu/libpython3.10.so
[0.687s] -- Found PythonExtra: .so  
[0.716s] -- Found ament_lint_auto: 0.12.6 (/opt/ros/humble/share/ament_lint_auto/cmake)
[0.745s] -- Added test 'lint_cmake' to check CMake code style
[0.745s] -- Added test 'xmllint' to check XML markup files
[0.749s] -- Configuring done
[0.772s] -- Generating done
[0.774s] -- Build files have been written to: /home/ariisakitty/wingbot-app/build/bridge_interface
[0.778s] Invoked command in '/home/ariisakitty/wingbot-app/build/bridge_interface' returned '0': CMAKE_PREFIX_PATH=/home/ariisakitty/wingbot-app/install/ros2_bridge:/opt/ros/humble /usr/bin/cmake /home/ariisakitty/wingbot-app/src/bridge_interface -DCMAKE_INSTALL_PREFIX=/home/ariisakitty/wingbot-app/install/bridge_interface
[0.780s] Invoking command in '/home/ariisakitty/wingbot-app/build/bridge_interface': CMAKE_PREFIX_PATH=/home/ariisakitty/wingbot-app/install/ros2_bridge:/opt/ros/humble /usr/bin/cmake --build /home/ariisakitty/wingbot-app/build/bridge_interface -- -j4 -l4
[0.812s] [  2%] [34m[1mGenerating C code for ROS interfaces[0m
[0.824s] [  5%] [34m[1mGenerating C++ code for ROS interfaces[0m
[0.839s] [  5%] Built target ament_cmake_python_copy_bridge_interface
[1.040s] running egg_info
[1.040s] creating bridge_interface.egg-info
[1.040s] writing bridge_interface.egg-info/PKG-INFO
[1.041s] writing dependency_links to bridge_interface.egg-info/dependency_links.txt
[1.041s] writing top-level names to bridge_interface.egg-info/top_level.txt
[1.041s] writing manifest file 'bridge_interface.egg-info/SOURCES.txt'
[1.043s] reading manifest file 'bridge_interface.egg-info/SOURCES.txt'
[1.044s] writing manifest file 'bridge_interface.egg-info/SOURCES.txt'
[1.064s] [  5%] Built target ament_cmake_python_build_bridge_interface_egg
[1.070s] [  7%] [32mBuilding C object CMakeFiles/bridge_interface__rosidl_generator_c.dir/rosidl_generator_c/bridge_interface/msg/detail/robot2_server__functions.c.o[0m
[1.071s] [ 10%] [32mBuilding C object CMakeFiles/bridge_interface__rosidl_generator_c.dir/rosidl_generator_c/bridge_interface/msg/detail/server2_robot__functions.c.o[0m
[1.078s] [ 10%] Built target bridge_interface__cpp
[1.088s] [ 12%] [34m[1mGenerating C++ type support dispatch for ROS interfaces[0m
[1.089s] [ 15%] [34m[1mGenerating C++ type support for eProsima Fast-RTPS[0m
[1.164s] [ 17%] [32m[1mLinking C shared library libbridge_interface__rosidl_generator_c.so[0m
[1.175s] [ 20%] [34m[1mGenerating C++ introspection for ROS interfaces[0m
[1.242s] [ 20%] Built target bridge_interface__rosidl_generator_c
[1.253s] [ 23%] [34m[1mGenerating C type support for eProsima Fast-RTPS[0m
[1.279s] [ 25%] [32mBuilding CXX object CMakeFiles/bridge_interface__rosidl_typesupport_cpp.dir/rosidl_typesupport_cpp/bridge_interface/msg/robot2_server__type_support.cpp.o[0m
[1.302s] [ 28%] [32mBuilding CXX object CMakeFiles/bridge_interface__rosidl_typesupport_fastrtps_cpp.dir/rosidl_typesupport_fastrtps_cpp/bridge_interface/msg/detail/dds_fastrtps/robot2_server__type_support.cpp.o[0m
[1.396s] [ 30%] [32mBuilding CXX object CMakeFiles/bridge_interface__rosidl_typesupport_introspection_cpp.dir/rosidl_typesupport_introspection_cpp/bridge_interface/msg/detail/robot2_server__type_support.cpp.o[0m
[1.471s] [ 33%] [32mBuilding CXX object CMakeFiles/bridge_interface__rosidl_typesupport_fastrtps_c.dir/rosidl_typesupport_fastrtps_c/bridge_interface/msg/detail/robot2_server__type_support_c.cpp.o[0m
[1.644s] [ 35%] [32mBuilding CXX object CMakeFiles/bridge_interface__rosidl_typesupport_cpp.dir/rosidl_typesupport_cpp/bridge_interface/msg/server2_robot__type_support.cpp.o[0m
[1.778s] [ 38%] [32mBuilding CXX object CMakeFiles/bridge_interface__rosidl_typesupport_fastrtps_cpp.dir/rosidl_typesupport_fastrtps_cpp/bridge_interface/msg/detail/dds_fastrtps/server2_robot__type_support.cpp.o[0m
[1.806s] [ 41%] [32mBuilding CXX object CMakeFiles/bridge_interface__rosidl_typesupport_fastrtps_c.dir/rosidl_typesupport_fastrtps_c/bridge_interface/msg/detail/server2_robot__type_support_c.cpp.o[0m
[1.857s] [ 43%] [32m[1mLinking CXX shared library libbridge_interface__rosidl_typesupport_cpp.so[0m
[1.858s] [ 46%] [32mBuilding CXX object CMakeFiles/bridge_interface__rosidl_typesupport_introspection_cpp.dir/rosidl_typesupport_introspection_cpp/bridge_interface/msg/detail/server2_robot__type_support.cpp.o[0m
[1.891s] [ 46%] Built target bridge_interface__rosidl_typesupport_cpp
[1.901s] [ 48%] [34m[1mGenerating C introspection for ROS interfaces[0m
[2.088s] [ 51%] [32m[1mLinking CXX shared library libbridge_interface__rosidl_typesupport_fastrtps_c.so[0m
[2.099s] [ 53%] [32m[1mLinking CXX shared library libbridge_interface__rosidl_typesupport_fastrtps_cpp.so[0m
[2.153s] [ 53%] Built target bridge_interface__rosidl_typesupport_fastrtps_c
[2.158s] [ 56%] [32m[1mLinking CXX shared library libbridge_interface__rosidl_typesupport_introspection_cpp.so[0m
[2.163s] [ 58%] [34m[1mGenerating C type support dispatch for ROS interfaces[0m
[2.182s] [ 61%] [32mBuilding C object CMakeFiles/bridge_interface__rosidl_typesupport_introspection_c.dir/rosidl_typesupport_introspection_c/bridge_interface/msg/detail/robot2_server__type_support.c.o[0m
[2.203s] [ 61%] Built target bridge_interface__rosidl_typesupport_fastrtps_cpp
[2.209s] [ 61%] Built target bridge_interface__rosidl_typesupport_introspection_cpp
[2.211s] [ 64%] [32mBuilding C object CMakeFiles/bridge_interface__rosidl_typesupport_introspection_c.dir/rosidl_typesupport_introspection_c/bridge_interface/msg/detail/server2_robot__type_support.c.o[0m
[2.244s] [ 66%] [32m[1mLinking C shared library libbridge_interface__rosidl_typesupport_introspection_c.so[0m
[2.266s] [ 66%] Built target bridge_interface__rosidl_typesupport_introspection_c
[2.320s] [ 71%] [32mBuilding CXX object CMakeFiles/bridge_interface__rosidl_typesupport_c.dir/rosidl_typesupport_c/bridge_interface/msg/server2_robot__type_support.cpp.o[0m
[2.320s] [ 71%] [32mBuilding CXX object CMakeFiles/bridge_interface__rosidl_typesupport_c.dir/rosidl_typesupport_c/bridge_interface/msg/robot2_server__type_support.cpp.o[0m
[2.349s] [ 74%] [32m[1mLinking CXX shared library libbridge_interface__rosidl_typesupport_c.so[0m
[2.377s] [ 74%] Built target bridge_interface__rosidl_typesupport_c
[2.393s] [ 74%] Built target bridge_interface
[2.409s] [ 76%] [34m[1mGenerating Python code for ROS interfaces[0m
[2.639s] [ 76%] Built target bridge_interface__py
[2.657s] [ 79%] [32mBuilding C object CMakeFiles/bridge_interface__rosidl_generator_py.dir/rosidl_generator_py/bridge_interface/msg/_robot2_server_s.c.o[0m
[2.657s] [ 82%] [32mBuilding C object CMakeFiles/bridge_interface__rosidl_generator_py.dir/rosidl_generator_py/bridge_interface/msg/_server2_robot_s.c.o[0m
[2.770s] [ 84%] [32m[1mLinking C shared library rosidl_generator_py/bridge_interface/libbridge_interface__rosidl_generator_py.so[0m
[2.798s] [ 84%] Built target bridge_interface__rosidl_generator_py
[2.816s] [ 92%] [32mBuilding C object CMakeFiles/bridge_interface__rosidl_typesupport_fastrtps_c__pyext.dir/rosidl_generator_py/bridge_interface/_bridge_interface_s.ep.rosidl_typesupport_fastrtps_c.c.o[0m
[2.816s] [ 92%] [32mBuilding C object CMakeFiles/bridge_interface__rosidl_typesupport_introspection_c__pyext.dir/rosidl_generator_py/bridge_interface/_bridge_interface_s.ep.rosidl_typesupport_introspection_c.c.o[0m
[2.816s] [ 92%] [32mBuilding C object CMakeFiles/bridge_interface__rosidl_typesupport_c__pyext.dir/rosidl_generator_py/bridge_interface/_bridge_interface_s.ep.rosidl_typesupport_c.c.o[0m
[2.883s] [ 94%] [32m[1mLinking C shared library rosidl_generator_py/bridge_interface/bridge_interface_s__rosidl_typesupport_fastrtps_c.cpython-310-aarch64-linux-gnu.so[0m
[2.886s] [ 97%] [32m[1mLinking C shared library rosidl_generator_py/bridge_interface/bridge_interface_s__rosidl_typesupport_introspection_c.cpython-310-aarch64-linux-gnu.so[0m
[2.887s] [100%] [32m[1mLinking C shared library rosidl_generator_py/bridge_interface/bridge_interface_s__rosidl_typesupport_c.cpython-310-aarch64-linux-gnu.so[0m
[2.911s] [100%] Built target bridge_interface__rosidl_typesupport_introspection_c__pyext
[2.912s] [100%] Built target bridge_interface__rosidl_typesupport_fastrtps_c__pyext
[2.918s] [100%] Built target bridge_interface__rosidl_typesupport_c__pyext
[2.932s] Invoked command in '/home/ariisakitty/wingbot-app/build/bridge_interface' returned '0': CMAKE_PREFIX_PATH=/home/ariisakitty/wingbot-app/install/ros2_bridge:/opt/ros/humble /usr/bin/cmake --build /home/ariisakitty/wingbot-app/build/bridge_interface -- -j4 -l4
[3.010s] Invoking command in '/home/ariisakitty/wingbot-app/build/bridge_interface': CMAKE_PREFIX_PATH=/home/ariisakitty/wingbot-app/install/ros2_bridge:/opt/ros/humble /usr/bin/cmake --install /home/ariisakitty/wingbot-app/build/bridge_interface
[3.016s] -- Install configuration: ""
[3.016s] -- Installing: /home/ariisakitty/wingbot-app/install/bridge_interface/share/ament_index/resource_index/rosidl_interfaces/bridge_interface
[3.016s] -- Installing: /home/ariisakitty/wingbot-app/install/bridge_interface/include/bridge_interface/bridge_interface
[3.016s] -- Installing: /home/ariisakitty/wingbot-app/install/bridge_interface/include/bridge_interface/bridge_interface/msg
[3.016s] -- Installing: /home/ariisakitty/wingbot-app/install/bridge_interface/include/bridge_interface/bridge_interface/msg/server2_robot.h
[3.017s] -- Installing: /home/ariisakitty/wingbot-app/install/bridge_interface/include/bridge_interface/bridge_interface/msg/detail
[3.017s] -- Installing: /home/ariisakitty/wingbot-app/install/bridge_interface/include/bridge_interface/bridge_interface/msg/detail/server2_robot__struct.h
[3.017s] -- Installing: /home/ariisakitty/wingbot-app/install/bridge_interface/include/bridge_interface/bridge_interface/msg/detail/robot2_server__struct.h
[3.017s] -- Installing: /home/ariisakitty/wingbot-app/install/bridge_interface/include/bridge_interface/bridge_interface/msg/detail/server2_robot__functions.c
[3.017s] -- Installing: /home/ariisakitty/wingbot-app/install/bridge_interface/include/bridge_interface/bridge_interface/msg/detail/robot2_server__type_support.h
[3.017s] -- Installing: /home/ariisakitty/wingbot-app/install/bridge_interface/include/bridge_interface/bridge_interface/msg/detail/robot2_server__functions.c
[3.017s] -- Installing: /home/ariisakitty/wingbot-app/install/bridge_interface/include/bridge_interface/bridge_interface/msg/detail/server2_robot__functions.h
[3.017s] -- Installing: /home/ariisakitty/wingbot-app/install/bridge_interface/include/bridge_interface/bridge_interface/msg/detail/robot2_server__functions.h
[3.017s] -- Installing: /home/ariisakitty/wingbot-app/install/bridge_interface/include/bridge_interface/bridge_interface/msg/detail/server2_robot__type_support.h
[3.017s] -- Installing: /home/ariisakitty/wingbot-app/install/bridge_interface/include/bridge_interface/bridge_interface/msg/rosidl_generator_c__visibility_control.h
[3.017s] -- Installing: /home/ariisakitty/wingbot-app/install/bridge_interface/include/bridge_interface/bridge_interface/msg/robot2_server.h
[3.018s] -- Installing: /home/ariisakitty/wingbot-app/install/bridge_interface/share/bridge_interface/environment/library_path.sh
[3.018s] -- Installing: /home/ariisakitty/wingbot-app/install/bridge_interface/share/bridge_interface/environment/library_path.dsv
[3.018s] -- Installing: /home/ariisakitty/wingbot-app/install/bridge_interface/lib/libbridge_interface__rosidl_generator_c.so
[3.019s] -- Set runtime path of "/home/ariisakitty/wingbot-app/install/bridge_interface/lib/libbridge_interface__rosidl_generator_c.so" to ""
[3.019s] -- Up-to-date: /home/ariisakitty/wingbot-app/install/bridge_interface/include/bridge_interface/bridge_interface
[3.019s] -- Up-to-date: /home/ariisakitty/wingbot-app/install/bridge_interface/include/bridge_interface/bridge_interface/msg
[3.019s] -- Up-to-date: /home/ariisakitty/wingbot-app/install/bridge_interface/include/bridge_interface/bridge_interface/msg/detail
[3.019s] -- Installing: /home/ariisakitty/wingbot-app/install/bridge_interface/include/bridge_interface/bridge_interface/msg/detail/robot2_server__rosidl_typesupport_fastrtps_c.h
[3.019s] -- Installing: /home/ariisakitty/wingbot-app/install/bridge_interface/include/bridge_interface/bridge_interface/msg/detail/server2_robot__rosidl_typesupport_fastrtps_c.h
[3.019s] -- Installing: /home/ariisakitty/wingbot-app/install/bridge_interface/include/bridge_interface/bridge_interface/msg/rosidl_typesupport_fastrtps_c__visibility_control.h
[3.019s] -- Installing: /home/ariisakitty/wingbot-app/install/bridge_interface/lib/libbridge_interface__rosidl_typesupport_fastrtps_c.so
[3.019s] -- Set runtime path of "/home/ariisakitty/wingbot-app/install/bridge_interface/lib/libbridge_interface__rosidl_typesupport_fastrtps_c.so" to ""
[3.019s] -- Up-to-date: /home/ariisakitty/wingbot-app/install/bridge_interface/include/bridge_interface/bridge_interface
[3.020s] -- Up-to-date: /home/ariisakitty/wingbot-app/install/bridge_interface/include/bridge_interface/bridge_interface/msg
[3.020s] -- Installing: /home/ariisakitty/wingbot-app/install/bridge_interface/include/bridge_interface/bridge_interface/msg/rosidl_typesupport_introspection_c__visibility_control.h
[3.020s] -- Up-to-date: /home/ariisakitty/wingbot-app/install/bridge_interface/include/bridge_interface/bridge_interface/msg/detail
[3.020s] -- Installing: /home/ariisakitty/wingbot-app/install/bridge_interface/include/bridge_interface/bridge_interface/msg/detail/robot2_server__type_support.c
[3.020s] -- Installing: /home/ariisakitty/wingbot-app/install/bridge_interface/include/bridge_interface/bridge_interface/msg/detail/server2_robot__rosidl_typesupport_introspection_c.h
[3.020s] -- Installing: /home/ariisakitty/wingbot-app/install/bridge_interface/include/bridge_interface/bridge_interface/msg/detail/server2_robot__type_support.c
[3.020s] -- Installing: /home/ariisakitty/wingbot-app/install/bridge_interface/include/bridge_interface/bridge_interface/msg/detail/robot2_server__rosidl_typesupport_introspection_c.h
[3.020s] -- Installing: /home/ariisakitty/wingbot-app/install/bridge_interface/lib/libbridge_interface__rosidl_typesupport_introspection_c.so
[3.020s] -- Set runtime path of "/home/ariisakitty/wingbot-app/install/bridge_interface/lib/libbridge_interface__rosidl_typesupport_introspection_c.so" to ""
[3.020s] -- Installing: /home/ariisakitty/wingbot-app/install/bridge_interface/lib/libbridge_interface__rosidl_typesupport_c.so
[3.021s] -- Set runtime path of "/home/ariisakitty/wingbot-app/install/bridge_interface/lib/libbridge_interface__rosidl_typesupport_c.so" to ""
[3.021s] -- Up-to-date: /home/ariisakitty/wingbot-app/install/bridge_interface/include/bridge_interface/bridge_interface
[3.021s] -- Up-to-date: /home/ariisakitty/wingbot-app/install/bridge_interface/include/bridge_interface/bridge_interface/msg
[3.021s] -- Installing: /home/ariisakitty/wingbot-app/install/bridge_interface/include/bridge_interface/bridge_interface/msg/server2_robot.hpp
[3.021s] -- Up-to-date: /home/ariisakitty/wingbot-app/install/bridge_interface/include/bridge_interface/bridge_interface/msg/detail
[3.021s] -- Installing: /home/ariisakitty/wingbot-app/install/bridge_interface/include/bridge_interface/bridge_interface/msg/detail/server2_robot__traits.hpp
[3.021s] -- Installing: /home/ariisakitty/wingbot-app/install/bridge_interface/include/bridge_interface/bridge_interface/msg/detail/server2_robot__struct.hpp
[3.021s] -- Installing: /home/ariisakitty/wingbot-app/install/bridge_interface/include/bridge_interface/bridge_interface/msg/detail/robot2_server__builder.hpp
[3.022s] -- Installing: /home/ariisakitty/wingbot-app/install/bridge_interface/include/bridge_interface/bridge_interface/msg/detail/robot2_server__struct.hpp
[3.022s] -- Installing: /home/ariisakitty/wingbot-app/install/bridge_interface/include/bridge_interface/bridge_interface/msg/detail/server2_robot__builder.hpp
[3.022s] -- Installing: /home/ariisakitty/wingbot-app/install/bridge_interface/include/bridge_interface/bridge_interface/msg/detail/robot2_server__traits.hpp
[3.022s] -- Installing: /home/ariisakitty/wingbot-app/install/bridge_interface/include/bridge_interface/bridge_interface/msg/robot2_server.hpp
[3.022s] -- Up-to-date: /home/ariisakitty/wingbot-app/install/bridge_interface/include/bridge_interface/bridge_interface
[3.022s] -- Up-to-date: /home/ariisakitty/wingbot-app/install/bridge_interface/include/bridge_interface/bridge_interface/msg
[3.022s] -- Installing: /home/ariisakitty/wingbot-app/install/bridge_interface/include/bridge_interface/bridge_interface/msg/rosidl_typesupport_fastrtps_cpp__visibility_control.h
[3.022s] -- Up-to-date: /home/ariisakitty/wingbot-app/install/bridge_interface/include/bridge_interface/bridge_interface/msg/detail
[3.022s] -- Installing: /home/ariisakitty/wingbot-app/install/bridge_interface/include/bridge_interface/bridge_interface/msg/detail/server2_robot__rosidl_typesupport_fastrtps_cpp.hpp
[3.022s] -- Installing: /home/ariisakitty/wingbot-app/install/bridge_interface/include/bridge_interface/bridge_interface/msg/detail/robot2_server__rosidl_typesupport_fastrtps_cpp.hpp
[3.022s] -- Installing: /home/ariisakitty/wingbot-app/install/bridge_interface/include/bridge_interface/bridge_interface/msg/detail/dds_fastrtps
[3.022s] -- Installing: /home/ariisakitty/wingbot-app/install/bridge_interface/lib/libbridge_interface__rosidl_typesupport_fastrtps_cpp.so
[3.022s] -- Set runtime path of "/home/ariisakitty/wingbot-app/install/bridge_interface/lib/libbridge_interface__rosidl_typesupport_fastrtps_cpp.so" to ""
[3.022s] -- Up-to-date: /home/ariisakitty/wingbot-app/install/bridge_interface/include/bridge_interface/bridge_interface
[3.022s] -- Up-to-date: /home/ariisakitty/wingbot-app/install/bridge_interface/include/bridge_interface/bridge_interface/msg
[3.022s] -- Up-to-date: /home/ariisakitty/wingbot-app/install/bridge_interface/include/bridge_interface/bridge_interface/msg/detail
[3.022s] -- Installing: /home/ariisakitty/wingbot-app/install/bridge_interface/include/bridge_interface/bridge_interface/msg/detail/server2_robot__type_support.cpp
[3.022s] -- Installing: /home/ariisakitty/wingbot-app/install/bridge_interface/include/bridge_interface/bridge_interface/msg/detail/robot2_server__type_support.cpp
[3.022s] -- Installing: /home/ariisakitty/wingbot-app/install/bridge_interface/include/bridge_interface/bridge_interface/msg/detail/server2_robot__rosidl_typesupport_introspection_cpp.hpp
[3.022s] -- Installing: /home/ariisakitty/wingbot-app/install/bridge_interface/include/bridge_interface/bridge_interface/msg/detail/robot2_server__rosidl_typesupport_introspection_cpp.hpp
[3.022s] -- Installing: /home/ariisakitty/wingbot-app/install/bridge_interface/lib/libbridge_interface__rosidl_typesupport_introspection_cpp.so
[3.022s] -- Set runtime path of "/home/ariisakitty/wingbot-app/install/bridge_interface/lib/libbridge_interface__rosidl_typesupport_introspection_cpp.so" to ""
[3.022s] -- Installing: /home/ariisakitty/wingbot-app/install/bridge_interface/lib/libbridge_interface__rosidl_typesupport_cpp.so
[3.022s] -- Set runtime path of "/home/ariisakitty/wingbot-app/install/bridge_interface/lib/libbridge_interface__rosidl_typesupport_cpp.so" to ""
[3.022s] -- Installing: /home/ariisakitty/wingbot-app/install/bridge_interface/share/bridge_interface/environment/pythonpath.sh
[3.022s] -- Installing: /home/ariisakitty/wingbot-app/install/bridge_interface/share/bridge_interface/environment/pythonpath.dsv
[3.022s] -- Installing: /home/ariisakitty/wingbot-app/install/bridge_interface/local/lib/python3.10/dist-packages/bridge_interface-0.0.0-py3.10.egg-info
[3.022s] -- Installing: /home/ariisakitty/wingbot-app/install/bridge_interface/local/lib/python3.10/dist-packages/bridge_interface-0.0.0-py3.10.egg-info/SOURCES.txt
[3.022s] -- Installing: /home/ariisakitty/wingbot-app/install/bridge_interface/local/lib/python3.10/dist-packages/bridge_interface-0.0.0-py3.10.egg-info/PKG-INFO
[3.023s] -- Installing: /home/ariisakitty/wingbot-app/install/bridge_interface/local/lib/python3.10/dist-packages/bridge_interface-0.0.0-py3.10.egg-info/dependency_links.txt
[3.023s] -- Installing: /home/ariisakitty/wingbot-app/install/bridge_interface/local/lib/python3.10/dist-packages/bridge_interface-0.0.0-py3.10.egg-info/top_level.txt
[3.023s] -- Installing: /home/ariisakitty/wingbot-app/install/bridge_interface/local/lib/python3.10/dist-packages/bridge_interface
[3.023s] -- Installing: /home/ariisakitty/wingbot-app/install/bridge_interface/local/lib/python3.10/dist-packages/bridge_interface/bridge_interface_s__rosidl_typesupport_introspection_c.cpython-310-aarch64-linux-gnu.so
[3.023s] -- Installing: /home/ariisakitty/wingbot-app/install/bridge_interface/local/lib/python3.10/dist-packages/bridge_interface/bridge_interface_s__rosidl_typesupport_fastrtps_c.cpython-310-aarch64-linux-gnu.so
[3.023s] -- Installing: /home/ariisakitty/wingbot-app/install/bridge_interface/local/lib/python3.10/dist-packages/bridge_interface/libbridge_interface__rosidl_generator_py.so
[3.023s] -- Installing: /home/ariisakitty/wingbot-app/install/bridge_interface/local/lib/python3.10/dist-packages/bridge_interface/__init__.py
[3.023s] -- Installing: /home/ariisakitty/wingbot-app/install/bridge_interface/local/lib/python3.10/dist-packages/bridge_interface/_bridge_interface_s.ep.rosidl_typesupport_introspection_c.c
[3.023s] -- Installing: /home/ariisakitty/wingbot-app/install/bridge_interface/local/lib/python3.10/dist-packages/bridge_interface/_bridge_interface_s.ep.rosidl_typesupport_c.c
[3.023s] -- Installing: /home/ariisakitty/wingbot-app/install/bridge_interface/local/lib/python3.10/dist-packages/bridge_interface/bridge_interface_s__rosidl_typesupport_c.cpython-310-aarch64-linux-gnu.so
[3.023s] -- Installing: /home/ariisakitty/wingbot-app/install/bridge_interface/local/lib/python3.10/dist-packages/bridge_interface/_bridge_interface_s.ep.rosidl_typesupport_fastrtps_c.c
[3.024s] -- Installing: /home/ariisakitty/wingbot-app/install/bridge_interface/local/lib/python3.10/dist-packages/bridge_interface/msg
[3.024s] -- Installing: /home/ariisakitty/wingbot-app/install/bridge_interface/local/lib/python3.10/dist-packages/bridge_interface/msg/_server2_robot_s.c
[3.024s] -- Installing: /home/ariisakitty/wingbot-app/install/bridge_interface/local/lib/python3.10/dist-packages/bridge_interface/msg/__init__.py
[3.024s] -- Installing: /home/ariisakitty/wingbot-app/install/bridge_interface/local/lib/python3.10/dist-packages/bridge_interface/msg/_robot2_server.py
[3.024s] -- Installing: /home/ariisakitty/wingbot-app/install/bridge_interface/local/lib/python3.10/dist-packages/bridge_interface/msg/_server2_robot.py
[3.024s] -- Installing: /home/ariisakitty/wingbot-app/install/bridge_interface/local/lib/python3.10/dist-packages/bridge_interface/msg/_robot2_server_s.c
[3.047s] Listing '/home/ariisakitty/wingbot-app/install/bridge_interface/local/lib/python3.10/dist-packages/bridge_interface'...
[3.047s] Compiling '/home/ariisakitty/wingbot-app/install/bridge_interface/local/lib/python3.10/dist-packages/bridge_interface/__init__.py'...
[3.047s] Listing '/home/ariisakitty/wingbot-app/install/bridge_interface/local/lib/python3.10/dist-packages/bridge_interface/msg'...
[3.047s] Compiling '/home/ariisakitty/wingbot-app/install/bridge_interface/local/lib/python3.10/dist-packages/bridge_interface/msg/__init__.py'...
[3.047s] Compiling '/home/ariisakitty/wingbot-app/install/bridge_interface/local/lib/python3.10/dist-packages/bridge_interface/msg/_robot2_server.py'...
[3.047s] Compiling '/home/ariisakitty/wingbot-app/install/bridge_interface/local/lib/python3.10/dist-packages/bridge_interface/msg/_server2_robot.py'...
[3.050s] -- Installing: /home/ariisakitty/wingbot-app/install/bridge_interface/local/lib/python3.10/dist-packages/bridge_interface/bridge_interface_s__rosidl_typesupport_fastrtps_c.cpython-310-aarch64-linux-gnu.so
[3.051s] -- Set runtime path of "/home/ariisakitty/wingbot-app/install/bridge_interface/local/lib/python3.10/dist-packages/bridge_interface/bridge_interface_s__rosidl_typesupport_fastrtps_c.cpython-310-aarch64-linux-gnu.so" to ""
[3.051s] -- Installing: /home/ariisakitty/wingbot-app/install/bridge_interface/local/lib/python3.10/dist-packages/bridge_interface/bridge_interface_s__rosidl_typesupport_introspection_c.cpython-310-aarch64-linux-gnu.so
[3.051s] -- Set runtime path of "/home/ariisakitty/wingbot-app/install/bridge_interface/local/lib/python3.10/dist-packages/bridge_interface/bridge_interface_s__rosidl_typesupport_introspection_c.cpython-310-aarch64-linux-gnu.so" to ""
[3.051s] -- Installing: /home/ariisakitty/wingbot-app/install/bridge_interface/local/lib/python3.10/dist-packages/bridge_interface/bridge_interface_s__rosidl_typesupport_c.cpython-310-aarch64-linux-gnu.so
[3.051s] -- Set runtime path of "/home/ariisakitty/wingbot-app/install/bridge_interface/local/lib/python3.10/dist-packages/bridge_interface/bridge_interface_s__rosidl_typesupport_c.cpython-310-aarch64-linux-gnu.so" to ""
[3.051s] -- Installing: /home/ariisakitty/wingbot-app/install/bridge_interface/lib/libbridge_interface__rosidl_generator_py.so
[3.051s] -- Set runtime path of "/home/ariisakitty/wingbot-app/install/bridge_interface/lib/libbridge_interface__rosidl_generator_py.so" to ""
[3.051s] -- Installing: /home/ariisakitty/wingbot-app/install/bridge_interface/share/bridge_interface/msg/Robot2Server.idl
[3.051s] -- Installing: /home/ariisakitty/wingbot-app/install/bridge_interface/share/bridge_interface/msg/Server2Robot.idl
[3.052s] -- Installing: /home/ariisakitty/wingbot-app/install/bridge_interface/share/bridge_interface/msg/Robot2Server.msg
[3.052s] -- Installing: /home/ariisakitty/wingbot-app/install/bridge_interface/share/bridge_interface/msg/Server2Robot.msg
[3.052s] -- Installing: /home/ariisakitty/wingbot-app/install/bridge_interface/share/ament_index/resource_index/package_run_dependencies/bridge_interface
[3.052s] -- Installing: /home/ariisakitty/wingbot-app/install/bridge_interface/share/ament_index/resource_index/parent_prefix_path/bridge_interface
[3.052s] -- Installing: /home/ariisakitty/wingbot-app/install/bridge_interface/share/bridge_interface/environment/ament_prefix_path.sh
[3.052s] -- Installing: /home/ariisakitty/wingbot-app/install/bridge_interface/share/bridge_interface/environment/ament_prefix_path.dsv
[3.052s] -- Installing: /home/ariisakitty/wingbot-app/install/bridge_interface/share/bridge_interface/environment/path.sh
[3.053s] -- Installing: /home/ariisakitty/wingbot-app/install/bridge_interface/share/bridge_interface/environment/path.dsv
[3.053s] -- Installing: /home/ariisakitty/wingbot-app/install/bridge_interface/share/bridge_interface/local_setup.bash
[3.053s] -- Installing: /home/ariisakitty/wingbot-app/install/bridge_interface/share/bridge_interface/local_setup.sh
[3.053s] -- Installing: /home/ariisakitty/wingbot-app/install/bridge_interface/share/bridge_interface/local_setup.zsh
[3.053s] -- Installing: /home/ariisakitty/wingbot-app/install/bridge_interface/share/bridge_interface/local_setup.dsv
[3.054s] -- Installing: /home/ariisakitty/wingbot-app/install/bridge_interface/share/bridge_interface/package.dsv
[3.054s] -- Installing: /home/ariisakitty/wingbot-app/install/bridge_interface/share/ament_index/resource_index/packages/bridge_interface
[3.054s] -- Installing: /home/ariisakitty/wingbot-app/install/bridge_interface/share/bridge_interface/cmake/export_bridge_interface__rosidl_generator_cExport.cmake
[3.054s] -- Installing: /home/ariisakitty/wingbot-app/install/bridge_interface/share/bridge_interface/cmake/export_bridge_interface__rosidl_generator_cExport-noconfig.cmake
[3.054s] -- Installing: /home/ariisakitty/wingbot-app/install/bridge_interface/share/bridge_interface/cmake/export_bridge_interface__rosidl_typesupport_fastrtps_cExport.cmake
[3.054s] -- Installing: /home/ariisakitty/wingbot-app/install/bridge_interface/share/bridge_interface/cmake/export_bridge_interface__rosidl_typesupport_fastrtps_cExport-noconfig.cmake
[3.054s] -- Installing: /home/ariisakitty/wingbot-app/install/bridge_interface/share/bridge_interface/cmake/bridge_interface__rosidl_typesupport_introspection_cExport.cmake
[3.054s] -- Installing: /home/ariisakitty/wingbot-app/install/bridge_interface/share/bridge_interface/cmake/bridge_interface__rosidl_typesupport_introspection_cExport-noconfig.cmake
[3.054s] -- Installing: /home/ariisakitty/wingbot-app/install/bridge_interface/share/bridge_interface/cmake/bridge_interface__rosidl_typesupport_cExport.cmake
[3.054s] -- Installing: /home/ariisakitty/wingbot-app/install/bridge_interface/share/bridge_interface/cmake/bridge_interface__rosidl_typesupport_cExport-noconfig.cmake
[3.054s] -- Installing: /home/ariisakitty/wingbot-app/install/bridge_interface/share/bridge_interface/cmake/export_bridge_interface__rosidl_generator_cppExport.cmake
[3.054s] -- Installing: /home/ariisakitty/wingbot-app/install/bridge_interface/share/bridge_interface/cmake/export_bridge_interface__rosidl_typesupport_fastrtps_cppExport.cmake
[3.055s] -- Installing: /home/ariisakitty/wingbot-app/install/bridge_interface/share/bridge_interface/cmake/export_bridge_interface__rosidl_typesupport_fastrtps_cppExport-noconfig.cmake
[3.055s] -- Installing: /home/ariisakitty/wingbot-app/install/bridge_interface/share/bridge_interface/cmake/bridge_interface__rosidl_typesupport_introspection_cppExport.cmake
[3.055s] -- Installing: /home/ariisakitty/wingbot-app/install/bridge_interface/share/bridge_interface/cmake/bridge_interface__rosidl_typesupport_introspection_cppExport-noconfig.cmake
[3.055s] -- Installing: /home/ariisakitty/wingbot-app/install/bridge_interface/share/bridge_interface/cmake/bridge_interface__rosidl_typesupport_cppExport.cmake
[3.055s] -- Installing: /home/ariisakitty/wingbot-app/install/bridge_interface/share/bridge_interface/cmake/bridge_interface__rosidl_typesupport_cppExport-noconfig.cmake
[3.055s] -- Installing: /home/ariisakitty/wingbot-app/install/bridge_interface/share/bridge_interface/cmake/export_bridge_interface__rosidl_generator_pyExport.cmake
[3.055s] -- Installing: /home/ariisakitty/wingbot-app/install/bridge_interface/share/bridge_interface/cmake/export_bridge_interface__rosidl_generator_pyExport-noconfig.cmake
[3.055s] -- Installing: /home/ariisakitty/wingbot-app/install/bridge_interface/share/bridge_interface/cmake/rosidl_cmake-extras.cmake
[3.056s] -- Installing: /home/ariisakitty/wingbot-app/install/bridge_interface/share/bridge_interface/cmake/ament_cmake_export_include_directories-extras.cmake
[3.056s] -- Installing: /home/ariisakitty/wingbot-app/install/bridge_interface/share/bridge_interface/cmake/ament_cmake_export_libraries-extras.cmake
[3.056s] -- Installing: /home/ariisakitty/wingbot-app/install/bridge_interface/share/bridge_interface/cmake/ament_cmake_export_targets-extras.cmake
[3.056s] -- Installing: /home/ariisakitty/wingbot-app/install/bridge_interface/share/bridge_interface/cmake/rosidl_cmake_export_typesupport_targets-extras.cmake
[3.056s] -- Installing: /home/ariisakitty/wingbot-app/install/bridge_interface/share/bridge_interface/cmake/ament_cmake_export_dependencies-extras.cmake
[3.056s] -- Installing: /home/ariisakitty/wingbot-app/install/bridge_interface/share/bridge_interface/cmake/rosidl_cmake_export_typesupport_libraries-extras.cmake
[3.056s] -- Installing: /home/ariisakitty/wingbot-app/install/bridge_interface/share/bridge_interface/cmake/bridge_interfaceConfig.cmake
[3.056s] -- Installing: /home/ariisakitty/wingbot-app/install/bridge_interface/share/bridge_interface/cmake/bridge_interfaceConfig-version.cmake
[3.056s] -- Installing: /home/ariisakitty/wingbot-app/install/bridge_interface/share/bridge_interface/package.xml
[3.058s] Invoked command in '/home/ariisakitty/wingbot-app/build/bridge_interface' returned '0': CMAKE_PREFIX_PATH=/home/ariisakitty/wingbot-app/install/ros2_bridge:/opt/ros/humble /usr/bin/cmake --install /home/ariisakitty/wingbot-app/build/bridge_interface
