[0.224s] DEBUG:colcon:Command line arguments: ['/usr/bin/colcon', 'build']
[0.224s] DEBUG:colcon:Parsed command line arguments: Namespace(log_base=None, log_level=None, verb_name='build', build_base='build', install_base='install', merge_install=False, symlink_install=False, test_result_base=None, continue_on_error=False, executor='parallel', parallel_workers=4, event_handlers=None, ignore_user_meta=False, metas=['./colcon.meta'], base_paths=['.'], packages_ignore=None, packages_ignore_regex=None, paths=None, packages_up_to=None, packages_up_to_regex=None, packages_above=None, packages_above_and_dependencies=None, packages_above_depth=None, packages_select_by_dep=None, packages_skip_by_dep=None, packages_skip_up_to=None, packages_select_build_failed=False, packages_skip_build_finished=False, packages_select_test_failures=False, packages_skip_test_passed=False, packages_select=None, packages_skip=None, packages_select_regex=None, packages_skip_regex=None, packages_start=None, packages_end=None, allow_overriding=[], cmake_args=None, cmake_target=None, cmake_target_skip_unavailable=False, cmake_clean_cache=False, cmake_clean_first=False, cmake_force_configure=False, ament_cmake_args=None, catkin_cmake_args=None, catkin_skip_building_tests=False, mixin_files=None, mixin=None, verb_parser=<colcon_mixin.mixin.mixin_argument.MixinArgumentDecorator object at 0xffffafc220b0>, verb_extension=<colcon_core.verb.build.BuildVerb object at 0xffffb0634160>, main=<bound method BuildVerb.main of <colcon_core.verb.build.BuildVerb object at 0xffffb0634160>>, mixin_verb=('build',))
[0.240s] Level 1:colcon.colcon_core.package_discovery:discover_packages(colcon_meta) check parameters
[0.240s] Level 1:colcon.colcon_core.package_discovery:discover_packages(recursive) check parameters
[0.240s] Level 1:colcon.colcon_core.package_discovery:discover_packages(ignore) check parameters
[0.240s] Level 1:colcon.colcon_core.package_discovery:discover_packages(path) check parameters
[0.240s] Level 1:colcon.colcon_core.package_discovery:discover_packages(colcon_meta) discover
[0.240s] Level 1:colcon.colcon_core.package_discovery:discover_packages(recursive) discover
[0.240s] INFO:colcon.colcon_core.package_discovery:Crawling recursively for packages in '/home/ariisakitty/wingbot-app'
[0.240s] Level 1:colcon.colcon_core.package_identification:_identify(.) by extensions ['ignore', 'ignore_ament_install']
[0.240s] Level 1:colcon.colcon_core.package_identification:_identify(.) by extension 'ignore'
[0.240s] Level 1:colcon.colcon_core.package_identification:_identify(.) by extension 'ignore_ament_install'
[0.240s] Level 1:colcon.colcon_core.package_identification:_identify(.) by extensions ['colcon_pkg']
[0.240s] Level 1:colcon.colcon_core.package_identification:_identify(.) by extension 'colcon_pkg'
[0.240s] Level 1:colcon.colcon_core.package_identification:_identify(.) by extensions ['colcon_meta']
[0.240s] Level 1:colcon.colcon_core.package_identification:_identify(.) by extension 'colcon_meta'
[0.240s] Level 1:colcon.colcon_core.package_identification:_identify(.) by extensions ['ros']
[0.240s] Level 1:colcon.colcon_core.package_identification:_identify(.) by extension 'ros'
[0.248s] Level 1:colcon.colcon_core.package_identification:_identify(.) by extensions ['cmake', 'python']
[0.248s] Level 1:colcon.colcon_core.package_identification:_identify(.) by extension 'cmake'
[0.249s] Level 1:colcon.colcon_core.package_identification:_identify(.) by extension 'python'
[0.249s] Level 1:colcon.colcon_core.package_identification:_identify(.) by extensions ['python_setup_py']
[0.249s] Level 1:colcon.colcon_core.package_identification:_identify(.) by extension 'python_setup_py'
[0.249s] Level 1:colcon.colcon_core.package_identification:_identify(app) by extensions ['ignore', 'ignore_ament_install']
[0.249s] Level 1:colcon.colcon_core.package_identification:_identify(app) by extension 'ignore'
[0.249s] Level 1:colcon.colcon_core.package_identification:_identify(app) by extension 'ignore_ament_install'
[0.249s] Level 1:colcon.colcon_core.package_identification:_identify(app) by extensions ['colcon_pkg']
[0.249s] Level 1:colcon.colcon_core.package_identification:_identify(app) by extension 'colcon_pkg'
[0.249s] Level 1:colcon.colcon_core.package_identification:_identify(app) by extensions ['colcon_meta']
[0.249s] Level 1:colcon.colcon_core.package_identification:_identify(app) by extension 'colcon_meta'
[0.249s] Level 1:colcon.colcon_core.package_identification:_identify(app) by extensions ['ros']
[0.249s] Level 1:colcon.colcon_core.package_identification:_identify(app) by extension 'ros'
[0.249s] Level 1:colcon.colcon_core.package_identification:_identify(app) by extensions ['cmake', 'python']
[0.249s] Level 1:colcon.colcon_core.package_identification:_identify(app) by extension 'cmake'
[0.249s] Level 1:colcon.colcon_core.package_identification:_identify(app) by extension 'python'
[0.249s] Level 1:colcon.colcon_core.package_identification:_identify(app) by extensions ['python_setup_py']
[0.249s] Level 1:colcon.colcon_core.package_identification:_identify(app) by extension 'python_setup_py'
[0.249s] Level 1:colcon.colcon_core.package_identification:_identify(app/__pycache__) by extensions ['ignore', 'ignore_ament_install']
[0.249s] Level 1:colcon.colcon_core.package_identification:_identify(app/__pycache__) by extension 'ignore'
[0.249s] Level 1:colcon.colcon_core.package_identification:_identify(app/__pycache__) by extension 'ignore_ament_install'
[0.249s] Level 1:colcon.colcon_core.package_identification:_identify(app/__pycache__) by extensions ['colcon_pkg']
[0.249s] Level 1:colcon.colcon_core.package_identification:_identify(app/__pycache__) by extension 'colcon_pkg'
[0.249s] Level 1:colcon.colcon_core.package_identification:_identify(app/__pycache__) by extensions ['colcon_meta']
[0.249s] Level 1:colcon.colcon_core.package_identification:_identify(app/__pycache__) by extension 'colcon_meta'
[0.249s] Level 1:colcon.colcon_core.package_identification:_identify(app/__pycache__) by extensions ['ros']
[0.249s] Level 1:colcon.colcon_core.package_identification:_identify(app/__pycache__) by extension 'ros'
[0.249s] Level 1:colcon.colcon_core.package_identification:_identify(app/__pycache__) by extensions ['cmake', 'python']
[0.249s] Level 1:colcon.colcon_core.package_identification:_identify(app/__pycache__) by extension 'cmake'
[0.249s] Level 1:colcon.colcon_core.package_identification:_identify(app/__pycache__) by extension 'python'
[0.249s] Level 1:colcon.colcon_core.package_identification:_identify(app/__pycache__) by extensions ['python_setup_py']
[0.249s] Level 1:colcon.colcon_core.package_identification:_identify(app/__pycache__) by extension 'python_setup_py'
[0.249s] Level 1:colcon.colcon_core.package_identification:_identify(app/static) by extensions ['ignore', 'ignore_ament_install']
[0.249s] Level 1:colcon.colcon_core.package_identification:_identify(app/static) by extension 'ignore'
[0.249s] Level 1:colcon.colcon_core.package_identification:_identify(app/static) by extension 'ignore_ament_install'
[0.249s] Level 1:colcon.colcon_core.package_identification:_identify(app/static) by extensions ['colcon_pkg']
[0.249s] Level 1:colcon.colcon_core.package_identification:_identify(app/static) by extension 'colcon_pkg'
[0.250s] Level 1:colcon.colcon_core.package_identification:_identify(app/static) by extensions ['colcon_meta']
[0.250s] Level 1:colcon.colcon_core.package_identification:_identify(app/static) by extension 'colcon_meta'
[0.250s] Level 1:colcon.colcon_core.package_identification:_identify(app/static) by extensions ['ros']
[0.250s] Level 1:colcon.colcon_core.package_identification:_identify(app/static) by extension 'ros'
[0.250s] Level 1:colcon.colcon_core.package_identification:_identify(app/static) by extensions ['cmake', 'python']
[0.250s] Level 1:colcon.colcon_core.package_identification:_identify(app/static) by extension 'cmake'
[0.250s] Level 1:colcon.colcon_core.package_identification:_identify(app/static) by extension 'python'
[0.250s] Level 1:colcon.colcon_core.package_identification:_identify(app/static) by extensions ['python_setup_py']
[0.250s] Level 1:colcon.colcon_core.package_identification:_identify(app/static) by extension 'python_setup_py'
[0.250s] Level 1:colcon.colcon_core.package_identification:_identify(app/templates) by extensions ['ignore', 'ignore_ament_install']
[0.250s] Level 1:colcon.colcon_core.package_identification:_identify(app/templates) by extension 'ignore'
[0.250s] Level 1:colcon.colcon_core.package_identification:_identify(app/templates) by extension 'ignore_ament_install'
[0.250s] Level 1:colcon.colcon_core.package_identification:_identify(app/templates) by extensions ['colcon_pkg']
[0.250s] Level 1:colcon.colcon_core.package_identification:_identify(app/templates) by extension 'colcon_pkg'
[0.250s] Level 1:colcon.colcon_core.package_identification:_identify(app/templates) by extensions ['colcon_meta']
[0.250s] Level 1:colcon.colcon_core.package_identification:_identify(app/templates) by extension 'colcon_meta'
[0.250s] Level 1:colcon.colcon_core.package_identification:_identify(app/templates) by extensions ['ros']
[0.250s] Level 1:colcon.colcon_core.package_identification:_identify(app/templates) by extension 'ros'
[0.250s] Level 1:colcon.colcon_core.package_identification:_identify(app/templates) by extensions ['cmake', 'python']
[0.250s] Level 1:colcon.colcon_core.package_identification:_identify(app/templates) by extension 'cmake'
[0.250s] Level 1:colcon.colcon_core.package_identification:_identify(app/templates) by extension 'python'
[0.250s] Level 1:colcon.colcon_core.package_identification:_identify(app/templates) by extensions ['python_setup_py']
[0.250s] Level 1:colcon.colcon_core.package_identification:_identify(app/templates) by extension 'python_setup_py'
[0.250s] Level 1:colcon.colcon_core.package_identification:_identify(build) by extensions ['ignore', 'ignore_ament_install']
[0.250s] Level 1:colcon.colcon_core.package_identification:_identify(build) by extension 'ignore'
[0.250s] Level 1:colcon.colcon_core.package_identification:_identify(build) ignored
[0.250s] Level 1:colcon.colcon_core.package_identification:_identify(install) by extensions ['ignore', 'ignore_ament_install']
[0.250s] Level 1:colcon.colcon_core.package_identification:_identify(install) by extension 'ignore'
[0.250s] Level 1:colcon.colcon_core.package_identification:_identify(install) ignored
[0.250s] Level 1:colcon.colcon_core.package_identification:_identify(log) by extensions ['ignore', 'ignore_ament_install']
[0.250s] Level 1:colcon.colcon_core.package_identification:_identify(log) by extension 'ignore'
[0.250s] Level 1:colcon.colcon_core.package_identification:_identify(log) ignored
[0.250s] Level 1:colcon.colcon_core.package_identification:_identify(src) by extensions ['ignore', 'ignore_ament_install']
[0.250s] Level 1:colcon.colcon_core.package_identification:_identify(src) by extension 'ignore'
[0.250s] Level 1:colcon.colcon_core.package_identification:_identify(src) by extension 'ignore_ament_install'
[0.250s] Level 1:colcon.colcon_core.package_identification:_identify(src) by extensions ['colcon_pkg']
[0.250s] Level 1:colcon.colcon_core.package_identification:_identify(src) by extension 'colcon_pkg'
[0.251s] Level 1:colcon.colcon_core.package_identification:_identify(src) by extensions ['colcon_meta']
[0.251s] Level 1:colcon.colcon_core.package_identification:_identify(src) by extension 'colcon_meta'
[0.251s] Level 1:colcon.colcon_core.package_identification:_identify(src) by extensions ['ros']
[0.251s] Level 1:colcon.colcon_core.package_identification:_identify(src) by extension 'ros'
[0.251s] Level 1:colcon.colcon_core.package_identification:_identify(src) by extensions ['cmake', 'python']
[0.251s] Level 1:colcon.colcon_core.package_identification:_identify(src) by extension 'cmake'
[0.251s] Level 1:colcon.colcon_core.package_identification:_identify(src) by extension 'python'
[0.251s] Level 1:colcon.colcon_core.package_identification:_identify(src) by extensions ['python_setup_py']
[0.251s] Level 1:colcon.colcon_core.package_identification:_identify(src) by extension 'python_setup_py'
[0.251s] Level 1:colcon.colcon_core.package_identification:_identify(src/bridge_interface) by extensions ['ignore', 'ignore_ament_install']
[0.251s] Level 1:colcon.colcon_core.package_identification:_identify(src/bridge_interface) by extension 'ignore'
[0.251s] Level 1:colcon.colcon_core.package_identification:_identify(src/bridge_interface) by extension 'ignore_ament_install'
[0.251s] Level 1:colcon.colcon_core.package_identification:_identify(src/bridge_interface) by extensions ['colcon_pkg']
[0.251s] Level 1:colcon.colcon_core.package_identification:_identify(src/bridge_interface) by extension 'colcon_pkg'
[0.251s] Level 1:colcon.colcon_core.package_identification:_identify(src/bridge_interface) by extensions ['colcon_meta']
[0.251s] Level 1:colcon.colcon_core.package_identification:_identify(src/bridge_interface) by extension 'colcon_meta'
[0.251s] Level 1:colcon.colcon_core.package_identification:_identify(src/bridge_interface) by extensions ['ros']
[0.251s] Level 1:colcon.colcon_core.package_identification:_identify(src/bridge_interface) by extension 'ros'
[0.253s] DEBUG:colcon.colcon_core.package_identification:Package 'src/bridge_interface' with type 'ros.ament_cmake' and name 'bridge_interface'
[0.253s] Level 1:colcon.colcon_core.package_discovery:discover_packages(recursive) using defaults
[0.253s] Level 1:colcon.colcon_core.package_discovery:discover_packages(ignore) discover
[0.253s] Level 1:colcon.colcon_core.package_discovery:discover_packages(ignore) using defaults
[0.253s] Level 1:colcon.colcon_core.package_discovery:discover_packages(path) discover
[0.253s] Level 1:colcon.colcon_core.package_discovery:discover_packages(path) using defaults
[0.268s] Level 1:colcon.colcon_core.package_discovery:discover_packages(prefix_path) check parameters
[0.268s] Level 1:colcon.colcon_core.package_discovery:discover_packages(prefix_path) discover
[0.268s] WARNING:colcon.colcon_ros.prefix_path.ament:The path '/home/ariisakitty/wingbot-app/install/ros2_bridge' in the environment variable AMENT_PREFIX_PATH doesn't exist
[0.269s] DEBUG:colcon.colcon_installed_package_information.package_discovery:Found 1 installed packages in /home/ariisakitty/wingbot-app/install
[0.271s] DEBUG:colcon.colcon_installed_package_information.package_discovery:Found 338 installed packages in /opt/ros/humble
[0.272s] Level 1:colcon.colcon_core.package_discovery:discover_packages(prefix_path) using defaults
[0.322s] Level 5:colcon.colcon_core.verb:set package 'bridge_interface' build argument 'cmake_args' from command line to 'None'
[0.323s] Level 5:colcon.colcon_core.verb:set package 'bridge_interface' build argument 'cmake_target' from command line to 'None'
[0.323s] Level 5:colcon.colcon_core.verb:set package 'bridge_interface' build argument 'cmake_target_skip_unavailable' from command line to 'False'
[0.323s] Level 5:colcon.colcon_core.verb:set package 'bridge_interface' build argument 'cmake_clean_cache' from command line to 'False'
[0.323s] Level 5:colcon.colcon_core.verb:set package 'bridge_interface' build argument 'cmake_clean_first' from command line to 'False'
[0.323s] Level 5:colcon.colcon_core.verb:set package 'bridge_interface' build argument 'cmake_force_configure' from command line to 'False'
[0.323s] Level 5:colcon.colcon_core.verb:set package 'bridge_interface' build argument 'ament_cmake_args' from command line to 'None'
[0.323s] Level 5:colcon.colcon_core.verb:set package 'bridge_interface' build argument 'catkin_cmake_args' from command line to 'None'
[0.323s] Level 5:colcon.colcon_core.verb:set package 'bridge_interface' build argument 'catkin_skip_building_tests' from command line to 'False'
[0.323s] DEBUG:colcon.colcon_core.verb:Building package 'bridge_interface' with the following arguments: {'ament_cmake_args': None, 'build_base': '/home/ariisakitty/wingbot-app/build/bridge_interface', 'catkin_cmake_args': None, 'catkin_skip_building_tests': False, 'cmake_args': None, 'cmake_clean_cache': False, 'cmake_clean_first': False, 'cmake_force_configure': False, 'cmake_target': None, 'cmake_target_skip_unavailable': False, 'install_base': '/home/ariisakitty/wingbot-app/install/bridge_interface', 'merge_install': False, 'path': '/home/ariisakitty/wingbot-app/src/bridge_interface', 'symlink_install': False, 'test_result_base': None}
[0.323s] INFO:colcon.colcon_core.executor:Executing jobs using 'parallel' executor
[0.325s] DEBUG:colcon.colcon_parallel_executor.executor.parallel:run_until_complete
[0.325s] INFO:colcon.colcon_ros.task.ament_cmake.build:Building ROS package in '/home/ariisakitty/wingbot-app/src/bridge_interface' with build type 'ament_cmake'
[0.325s] INFO:colcon.colcon_cmake.task.cmake.build:Building CMake package in '/home/ariisakitty/wingbot-app/src/bridge_interface'
[0.328s] INFO:colcon.colcon_core.plugin_system:Skipping extension 'colcon_core.shell.bat': Not used on non-Windows systems
[0.328s] INFO:colcon.colcon_core.shell:Skip shell extension 'powershell' for command environment: Not usable outside of PowerShell
[0.328s] DEBUG:colcon.colcon_core.shell:Skip shell extension 'dsv' for command environment
[0.351s] DEBUG:colcon.colcon_core.event_handler.log_command:Invoking command in '/home/ariisakitty/wingbot-app/build/bridge_interface': CMAKE_PREFIX_PATH=/home/ariisakitty/wingbot-app/install/ros2_bridge:/opt/ros/humble /usr/bin/cmake /home/ariisakitty/wingbot-app/src/bridge_interface -DCMAKE_INSTALL_PREFIX=/home/ariisakitty/wingbot-app/install/bridge_interface
[1.104s] DEBUG:colcon.colcon_core.event_handler.log_command:Invoked command in '/home/ariisakitty/wingbot-app/build/bridge_interface' returned '0': CMAKE_PREFIX_PATH=/home/ariisakitty/wingbot-app/install/ros2_bridge:/opt/ros/humble /usr/bin/cmake /home/ariisakitty/wingbot-app/src/bridge_interface -DCMAKE_INSTALL_PREFIX=/home/ariisakitty/wingbot-app/install/bridge_interface
[1.105s] DEBUG:colcon.colcon_core.event_handler.log_command:Invoking command in '/home/ariisakitty/wingbot-app/build/bridge_interface': CMAKE_PREFIX_PATH=/home/ariisakitty/wingbot-app/install/ros2_bridge:/opt/ros/humble /usr/bin/cmake --build /home/ariisakitty/wingbot-app/build/bridge_interface -- -j4 -l4
[3.257s] DEBUG:colcon.colcon_core.event_handler.log_command:Invoked command in '/home/ariisakitty/wingbot-app/build/bridge_interface' returned '0': CMAKE_PREFIX_PATH=/home/ariisakitty/wingbot-app/install/ros2_bridge:/opt/ros/humble /usr/bin/cmake --build /home/ariisakitty/wingbot-app/build/bridge_interface -- -j4 -l4
[3.336s] DEBUG:colcon.colcon_core.event_handler.log_command:Invoking command in '/home/ariisakitty/wingbot-app/build/bridge_interface': CMAKE_PREFIX_PATH=/home/ariisakitty/wingbot-app/install/ros2_bridge:/opt/ros/humble /usr/bin/cmake --install /home/ariisakitty/wingbot-app/build/bridge_interface
[3.383s] Level 1:colcon.colcon_core.environment:create_environment_scripts_only(bridge_interface)
[3.384s] DEBUG:colcon.colcon_core.event_handler.log_command:Invoked command in '/home/ariisakitty/wingbot-app/build/bridge_interface' returned '0': CMAKE_PREFIX_PATH=/home/ariisakitty/wingbot-app/install/ros2_bridge:/opt/ros/humble /usr/bin/cmake --install /home/ariisakitty/wingbot-app/build/bridge_interface
[3.388s] Level 1:colcon.colcon_core.environment:checking '/home/ariisakitty/wingbot-app/install/bridge_interface' for CMake module files
[3.388s] Level 1:colcon.colcon_core.environment:checking '/home/ariisakitty/wingbot-app/install/bridge_interface' for CMake config files
[3.388s] Level 1:colcon.colcon_core.shell:create_environment_hook('bridge_interface', 'cmake_prefix_path')
[3.389s] INFO:colcon.colcon_core.shell:Creating environment hook '/home/ariisakitty/wingbot-app/install/bridge_interface/share/bridge_interface/hook/cmake_prefix_path.ps1'
[3.390s] INFO:colcon.colcon_core.shell:Creating environment descriptor '/home/ariisakitty/wingbot-app/install/bridge_interface/share/bridge_interface/hook/cmake_prefix_path.dsv'
[3.390s] INFO:colcon.colcon_core.shell:Creating environment hook '/home/ariisakitty/wingbot-app/install/bridge_interface/share/bridge_interface/hook/cmake_prefix_path.sh'
[3.391s] Level 1:colcon.colcon_core.environment:checking '/home/ariisakitty/wingbot-app/install/bridge_interface/lib'
[3.391s] Level 1:colcon.colcon_core.shell:create_environment_hook('bridge_interface', 'ld_library_path_lib')
[3.392s] INFO:colcon.colcon_core.shell:Creating environment hook '/home/ariisakitty/wingbot-app/install/bridge_interface/share/bridge_interface/hook/ld_library_path_lib.ps1'
[3.392s] INFO:colcon.colcon_core.shell:Creating environment descriptor '/home/ariisakitty/wingbot-app/install/bridge_interface/share/bridge_interface/hook/ld_library_path_lib.dsv'
[3.392s] INFO:colcon.colcon_core.shell:Creating environment hook '/home/ariisakitty/wingbot-app/install/bridge_interface/share/bridge_interface/hook/ld_library_path_lib.sh'
[3.393s] Level 1:colcon.colcon_core.environment:checking '/home/ariisakitty/wingbot-app/install/bridge_interface/bin'
[3.393s] Level 1:colcon.colcon_core.environment:checking '/home/ariisakitty/wingbot-app/install/bridge_interface/lib/pkgconfig/bridge_interface.pc'
[3.393s] Level 1:colcon.colcon_core.environment:checking '/home/ariisakitty/wingbot-app/install/bridge_interface/lib/python3.10/site-packages'
[3.393s] Level 1:colcon.colcon_core.environment:checking '/home/ariisakitty/wingbot-app/install/bridge_interface/bin'
[3.394s] INFO:colcon.colcon_core.shell:Creating package script '/home/ariisakitty/wingbot-app/install/bridge_interface/share/bridge_interface/package.ps1'
[3.394s] INFO:colcon.colcon_core.shell:Creating package descriptor '/home/ariisakitty/wingbot-app/install/bridge_interface/share/bridge_interface/package.dsv'
[3.395s] INFO:colcon.colcon_core.shell:Creating package script '/home/ariisakitty/wingbot-app/install/bridge_interface/share/bridge_interface/package.sh'
[3.395s] INFO:colcon.colcon_core.shell:Creating package script '/home/ariisakitty/wingbot-app/install/bridge_interface/share/bridge_interface/package.bash'
[3.395s] INFO:colcon.colcon_core.shell:Creating package script '/home/ariisakitty/wingbot-app/install/bridge_interface/share/bridge_interface/package.zsh'
[3.396s] Level 1:colcon.colcon_core.environment:create_file_with_runtime_dependencies(/home/ariisakitty/wingbot-app/install/bridge_interface/share/colcon-core/packages/bridge_interface)
[3.465s] Level 1:colcon.colcon_core.environment:create_environment_scripts_only(bridge_interface)
[3.466s] Level 1:colcon.colcon_core.environment:checking '/home/ariisakitty/wingbot-app/install/bridge_interface' for CMake module files
[3.466s] Level 1:colcon.colcon_core.environment:checking '/home/ariisakitty/wingbot-app/install/bridge_interface' for CMake config files
[3.466s] Level 1:colcon.colcon_core.shell:create_environment_hook('bridge_interface', 'cmake_prefix_path')
[3.467s] INFO:colcon.colcon_core.shell:Creating environment hook '/home/ariisakitty/wingbot-app/install/bridge_interface/share/bridge_interface/hook/cmake_prefix_path.ps1'
[3.467s] INFO:colcon.colcon_core.shell:Creating environment descriptor '/home/ariisakitty/wingbot-app/install/bridge_interface/share/bridge_interface/hook/cmake_prefix_path.dsv'
[3.467s] INFO:colcon.colcon_core.shell:Creating environment hook '/home/ariisakitty/wingbot-app/install/bridge_interface/share/bridge_interface/hook/cmake_prefix_path.sh'
[3.468s] Level 1:colcon.colcon_core.environment:checking '/home/ariisakitty/wingbot-app/install/bridge_interface/lib'
[3.468s] Level 1:colcon.colcon_core.shell:create_environment_hook('bridge_interface', 'ld_library_path_lib')
[3.468s] INFO:colcon.colcon_core.shell:Creating environment hook '/home/ariisakitty/wingbot-app/install/bridge_interface/share/bridge_interface/hook/ld_library_path_lib.ps1'
[3.469s] INFO:colcon.colcon_core.shell:Creating environment descriptor '/home/ariisakitty/wingbot-app/install/bridge_interface/share/bridge_interface/hook/ld_library_path_lib.dsv'
[3.469s] INFO:colcon.colcon_core.shell:Creating environment hook '/home/ariisakitty/wingbot-app/install/bridge_interface/share/bridge_interface/hook/ld_library_path_lib.sh'
[3.469s] Level 1:colcon.colcon_core.environment:checking '/home/ariisakitty/wingbot-app/install/bridge_interface/bin'
[3.469s] Level 1:colcon.colcon_core.environment:checking '/home/ariisakitty/wingbot-app/install/bridge_interface/lib/pkgconfig/bridge_interface.pc'
[3.470s] Level 1:colcon.colcon_core.environment:checking '/home/ariisakitty/wingbot-app/install/bridge_interface/lib/python3.10/site-packages'
[3.470s] Level 1:colcon.colcon_core.environment:checking '/home/ariisakitty/wingbot-app/install/bridge_interface/bin'
[3.471s] INFO:colcon.colcon_core.shell:Creating package script '/home/ariisakitty/wingbot-app/install/bridge_interface/share/bridge_interface/package.ps1'
[3.471s] INFO:colcon.colcon_core.shell:Creating package descriptor '/home/ariisakitty/wingbot-app/install/bridge_interface/share/bridge_interface/package.dsv'
[3.472s] INFO:colcon.colcon_core.shell:Creating package script '/home/ariisakitty/wingbot-app/install/bridge_interface/share/bridge_interface/package.sh'
[3.472s] INFO:colcon.colcon_core.shell:Creating package script '/home/ariisakitty/wingbot-app/install/bridge_interface/share/bridge_interface/package.bash'
[3.472s] INFO:colcon.colcon_core.shell:Creating package script '/home/ariisakitty/wingbot-app/install/bridge_interface/share/bridge_interface/package.zsh'
[3.472s] Level 1:colcon.colcon_core.environment:create_file_with_runtime_dependencies(/home/ariisakitty/wingbot-app/install/bridge_interface/share/colcon-core/packages/bridge_interface)
[3.473s] DEBUG:colcon.colcon_parallel_executor.executor.parallel:closing loop
[3.473s] DEBUG:colcon.colcon_parallel_executor.executor.parallel:loop closed
[3.473s] DEBUG:colcon.colcon_parallel_executor.executor.parallel:run_until_complete finished with '0'
[3.473s] DEBUG:colcon.colcon_core.event_reactor:joining thread
[3.478s] INFO:colcon.colcon_core.plugin_system:Skipping extension 'colcon_notification.desktop_notification.terminal_notifier': Not used on non-Darwin systems
[3.478s] INFO:colcon.colcon_core.plugin_system:Skipping extension 'colcon_notification.desktop_notification.win32': Not used on non-Windows systems
[3.478s] INFO:colcon.colcon_notification.desktop_notification:Sending desktop notification using 'notify2'
[3.493s] DEBUG:colcon.colcon_core.event_reactor:joined thread
[3.494s] INFO:colcon.colcon_core.shell:Creating prefix script '/home/ariisakitty/wingbot-app/install/local_setup.ps1'
[3.495s] INFO:colcon.colcon_core.shell:Creating prefix util module '/home/ariisakitty/wingbot-app/install/_local_setup_util_ps1.py'
[3.497s] INFO:colcon.colcon_core.shell:Creating prefix chain script '/home/ariisakitty/wingbot-app/install/setup.ps1'
[3.498s] INFO:colcon.colcon_core.shell:Creating prefix script '/home/ariisakitty/wingbot-app/install/local_setup.sh'
[3.498s] INFO:colcon.colcon_core.shell:Creating prefix util module '/home/ariisakitty/wingbot-app/install/_local_setup_util_sh.py'
[3.499s] INFO:colcon.colcon_core.shell:Creating prefix chain script '/home/ariisakitty/wingbot-app/install/setup.sh'
[3.500s] INFO:colcon.colcon_core.shell:Creating prefix script '/home/ariisakitty/wingbot-app/install/local_setup.bash'
[3.500s] INFO:colcon.colcon_core.shell:Creating prefix chain script '/home/ariisakitty/wingbot-app/install/setup.bash'
[3.506s] INFO:colcon.colcon_core.shell:Creating prefix script '/home/ariisakitty/wingbot-app/install/local_setup.zsh'
[3.507s] INFO:colcon.colcon_core.shell:Creating prefix chain script '/home/ariisakitty/wingbot-app/install/setup.zsh'
