[0.020s] Invoking command in '/home/ariisakitty/wingbot-app/build/bridge_interface': CMAKE_PREFIX_PATH=/home/ariisakitty/wingbot-app/install/ros2_bridge:/opt/ros/humble /usr/bin/cmake /home/ariisakitty/wingbot-app/src/bridge_interface -DCMAKE_INSTALL_PREFIX=/home/ariisakitty/wingbot-app/install/bridge_interface
[0.214s] -- The C compiler identification is GNU 11.3.0
[0.321s] -- The CXX compiler identification is GNU 11.3.0
[0.333s] -- Detecting C compiler ABI info
[0.396s] -- Detecting C compiler ABI info - done
[0.402s] -- Check for working C compiler: /usr/bin/cc - skipped
[0.402s] -- Detecting C compile features
[0.404s] -- Detecting C compile features - done
[0.407s] -- Detecting CXX compiler ABI info
[0.472s] -- Detecting CXX compiler ABI info - done
[0.478s] -- Check for working CXX compiler: /usr/bin/c++ - skipped
[0.478s] -- Detecting CXX compile features
[0.478s] -- Detecting CXX compile features - done
[0.492s] -- Found ament_cmake: 1.3.5 (/opt/ros/humble/share/ament_cmake/cmake)
[0.638s] -- Found Python3: /usr/bin/python3.10 (found version "3.10.6") found components: Interpreter 
[0.724s] -- Found rosidl_default_generators: 1.2.0 (/opt/ros/humble/share/rosidl_default_generators/cmake)
[0.732s] -- Using all available rosidl_typesupport_c: rosidl_typesupport_fastrtps_c;rosidl_typesupport_introspection_c
[0.740s] -- Found rosidl_adapter: 3.1.4 (/opt/ros/humble/share/rosidl_adapter/cmake)
[0.800s] -- Using all available rosidl_typesupport_cpp: rosidl_typesupport_fastrtps_cpp;rosidl_typesupport_introspection_cpp
[0.857s] [31mCMake Error at /opt/ros/humble/share/rosidl_cmake/cmake/rosidl_generate_interfaces.cmake:93 (message):
[0.857s]   rosidl_generate_interfaces() the passed file 'Robot2Server.msg' doesn't
[0.857s]   exist relative to the CMAKE_CURRENT_SOURCE_DIR
[0.857s]   '/home/ariisakitty/wingbot-app/src/bridge_interface'
[0.857s] Call Stack (most recent call first):
[0.857s]   CMakeLists.txt:12 (rosidl_generate_interfaces)
[0.857s] 
[0.857s] [0m
[0.857s] -- Configuring incomplete, errors occurred!
[0.857s] See also "/home/ariisakitty/wingbot-app/build/bridge_interface/CMakeFiles/CMakeOutput.log".
[0.861s] Invoked command in '/home/ariisakitty/wingbot-app/build/bridge_interface' returned '1': CMAKE_PREFIX_PATH=/home/ariisakitty/wingbot-app/install/ros2_bridge:/opt/ros/humble /usr/bin/cmake /home/ariisakitty/wingbot-app/src/bridge_interface -DCMAKE_INSTALL_PREFIX=/home/ariisakitty/wingbot-app/install/bridge_interface
